Module [DMemory]...



########################################################
Input to Cacti_Interface...
 size = 32768, bsize = 32, assoc = 4, rports = 2, wports = 0
 subBanks = 4, tech = 0.070000, bits = 32
########### Printing input for params for testing...###
 C = 8192, B = 32, A = 4
 RWP = 0, ERP = 2, EWP = 0, NSER = 0
 banks = 4, tech = 0.070000, bits_output = 32, fast_access = 0, pure_sram = 1
 force_tag = 0, force_tag_size = 0
 #################

##### Printing parameters for testing...#####

***** Cache Parameters:
  Cache Size: 8192
  Number of sets per bank: 64
  Associativity: 4
  tag_associativity: 4
  data_associativity: 4
  Block Size (bytes): 32
  Read/Write Ports: 1
  Read Ports: 0
  Write Ports: 0
  num_single_ended_read_ports: 0
  NSubbanks: 4
  fully_assoc: 0
  fudgefactor: 11.4V
  Technology Size: 0.07um
  Vdd: 0.9V
  sequential_access: 0V
  fast_access: 0
  force_tag: 0
  tag_size: 515396076
  nr_bits_out: 32
  pure_sram: 1
  **************************

---------- CACTI version 4.1 ----------

Cache Parameters:
  Number of banks: 4
  Total Cache Size: 8192
  Size in bytes of a bank: 2048
  Number of sets per bank: 64
  Associativity: 4
  Block Size (bytes): 32
  Read/Write Ports: 1
  Read Ports: 0
  Write Ports: 0
  Technology Size: 0.07um
  Vdd: 0.9V

Access Time (ns): 0.673513
Cycle Time (ns):  0.351111
Total dynamic Read Power at max. freq. (W): 0.145801
Total leakage Read/Write Power all Banks (mW): 115.929
Total dynamic Read Energy all Banks (nJ): 0.0511923
Total dynamic Write Energy all Banks (nJ): 0.0194284
Total dynamic Read Energy Without Routing (nJ): 0.0351806
Total dynamic Write Energy Without Routing (nJ): 0.00341672
Total dynamic Routing Energy (nJ): 0.0160117
Total leakage Read/Write Power Without Routing (mW): 115.929
Total leakage Read/Write Routing Power (mW): 0

Best Ndwl (L1): 1
Best Ndbl (L1): 4
Best Nspd (L1): 0.500000
Best Ntwl (L1): 8
Best Ntbl (L1): 1
Best Ntspd (L1): 8

Area Components:

Aspect Ratio Total height/width: 3.666536

Data array (mm^2): 0.088168
Data predecode (mm^2): 0.000581
Data colmux predecode (mm^2): 0.000291
Data colmux post decode (mm^2): 0.000010
Data write signal (mm^2): 0.001554

Tag array (mm^2): 0.000000
Tag predecode (mm^2): 0.000000
Tag colmux predecode (mm^2): 0.000000
Tag colmux post decode (mm^2): 0.000000
Tag output driver decode (mm^2): 0.000000
Tag output driver enable signals (mm^2): 0.000000

Percentage of data ramcells alone of total area: 45.104858 %
Percentage of tag ramcells alone of total area: 0.000000 %
Percentage of total control/routing alone of total area: 54.895142 %

Subbank Efficiency : 4510.485827
Total Efficiency : 41.292688

Total area One bank (mm^2): 0.090605
Total area subbanked (mm^2): 0.395881

Time Components:
 data side (with Output driver) (ns): 0.548355
 tag side (with Output driver) (ns): 0.516207
 address routing delay (ns): 0.00252207
 decode_data (ns): 0.100141
     dyn. energy (nJ): 0.000274924
     leak. power (mW): 0.0529376
 wordline and bitline data (ns): 0.278486
  dyn. wordline energy (nJ): 0.00030696
  leak. wordline power (mW): 0.00522368
  dyn. read data bitline energy (nJ): 0.00689051
  dyn. write data bitline energy (nJ): 0.000272296
  leak. data bitline power (mW): 26.8031
 sense_amp_data (ns): 0.072625
     dyn. energy (nJ): 0.0003641
     leak. power (mW): 2.04732
 decode_tag (ns): 0.112645
     dyn. energy (nJ): 0.000363319
     leak. power (mW): 0.203428
 wordline and bitline tag (ns): 0.128719
  dyn. wordline energy (nJ): 4.96786e-05
  leak. wordline power (mW): 0.0036063
  dyn. read data bitline energy (nJ): 0.000289485
  dyn. write data bitline energy (nJ): 0.000313832
  leak. data bitline power (mW): 3.66449
 sense_amp_tag (ns): 0.044625
  dyn. read energy (nJ): 0.000116747
  leak. read power (mW): 0.773787
 compare (ns): 0.11249
  dyn. read energy (nJ): 0.000491967
  leak. read power (mW): 0.00505327
 mux driver (ns): 0.131004
  dyn. read energy (nJ): 0.00102383
  leak. read power (mW): 0.0193022
 sel inverter (ns): 0.0206259
  dyn. read energy (nJ): 1.79459e-06
  leak. read power (mW): 0
 data output driver (ns): 0.0697438
	   dyn. read energy (nJ): 0.000958659
	   leak. read power (mW): 0.131873
 total_out_driver (ns): 0.0248363
	 dyn. read energy (nJ): 0.0049926
	 leak. read power (mW): 1.82803
 total data path (without output driver) (ns): 0.453775
 total tag path is set assoc (ns): 0.552631

Cache bank distributions and energy per access (4 banks)
	bank ctrl       0%      0.000pJ
	decode       0.61%      0.638pJ
	tag  array   0.29%      0.339pJ
	data array     92%      7.197pJ
	tag  ctrl     1.4%      1.634pJ
	data ctrl     5.4%      6.315pJ
	total                  16.125pJ



########################################################
Input to Cacti_Interface...
 size = 512, bsize = 8, assoc = 1, rports = 1, wports = 0
 subBanks = 1, tech = 0.070000, bits = 8
########### Printing input for params for testing...###
 C = 512, B = 8, A = 1
 RWP = 0, ERP = 1, EWP = 0, NSER = 0
 banks = 1, tech = 0.070000, bits_output = 8, fast_access = 0, pure_sram = 0
 force_tag = 0, force_tag_size = 0
 #################

##### Printing parameters for testing...#####

***** Cache Parameters:
  Cache Size: 512
  Number of sets per bank: 64
  Associativity: direct mapped
  tag_associativity: 1
  data_associativity: 1
  Block Size (bytes): 8
  Read/Write Ports: 1
  Read Ports: 0
  Write Ports: 0
  num_single_ended_read_ports: 0
  NSubbanks: 1
  fully_assoc: 0
  fudgefactor: 11.4V
  Technology Size: 0.07um
  Vdd: 0.9V
  sequential_access: 0V
  fast_access: 0
  force_tag: 0
  tag_size: 515396076
  nr_bits_out: 8
  pure_sram: 0
  **************************

---------- CACTI version 4.1 ----------

Cache Parameters:
  Number of banks: 1
  Total Cache Size: 512
  Size in bytes of a bank: 512
  Number of sets per bank: 64
  Associativity: direct mapped
  Block Size (bytes): 8
  Read/Write Ports: 1
  Read Ports: 0
  Write Ports: 0
  Technology Size: 0.07um
  Vdd: 0.9V

Access Time (ns): 0.427908
Cycle Time (ns):  0.259604
Total dynamic Read Power at max. freq. (W): 0.0035299
Total leakage Read/Write Power all Banks (mW): 3.0226
Total dynamic Read Energy all Banks (nJ): 0.000916376
Total dynamic Write Energy all Banks (nJ): 0.000443431
Total dynamic Read Energy Without Routing (nJ): 0.000916376
Total dynamic Write Energy Without Routing (nJ): 0.000443431
Total dynamic Routing Energy (nJ): 0
Total leakage Read/Write Power Without Routing (mW): 3.0226
Total leakage Read/Write Routing Power (mW): 0

Best Ndwl (L1): 1
Best Ndbl (L1): 4
Best Nspd (L1): 1.000000
Best Ntwl (L1): 1
Best Ntbl (L1): 8
Best Ntspd (L1): 1

Area Components:

Aspect Ratio Total height/width: 1.874171

Data array (mm^2): 0.008501
Data predecode (mm^2): 0.000581
Data colmux predecode (mm^2): 0.000291
Data colmux post decode (mm^2): 0.000013
Data write signal (mm^2): 0.000057

Tag array (mm^2): 0.006408
Tag predecode (mm^2): 0.000291
Tag colmux predecode (mm^2): 0.000291
Tag colmux post decode (mm^2): 0.000025
Tag output driver decode (mm^2): 0.000403
Tag output driver enable signals (mm^2): 0.000057

Percentage of data ramcells alone of total area: 15.097107 %
Percentage of tag ramcells alone of total area: 8.492123 %
Percentage of total control/routing alone of total area: 76.410770 %

Subbank Efficiency : 2358.922994
Total Efficiency : 18.748755

Total area One bank (mm^2): 0.016919
Total area subbanked (mm^2): 0.021287

Time Components:
 data side (with Output driver) (ns): 0.427908
 tag side (with Output driver) (ns): 0.418424
 address routing delay (ns): 0
 decode_data (ns): 0.104409
     dyn. energy (nJ): 5.53574e-05
     leak. power (mW): 0.00944764
 wordline and bitline data (ns): 0.186979
  dyn. wordline energy (nJ): 2.05481e-05
  leak. wordline power (mW): 0.00097944
  dyn. read data bitline energy (nJ): 0.000274886
  dyn. write data bitline energy (nJ): 3.76941e-05
  leak. data bitline power (mW): 1.67519
 sense_amp_data (ns): 0.072625
     dyn. energy (nJ): 1.1813e-05
     leak. power (mW): 0.127957
 decode_tag (ns): 0.128973
     dyn. energy (nJ): 0.000205988
     leak. power (mW): 0.101443
 wordline and bitline tag (ns): 0.1086
  dyn. wordline energy (nJ): 1.45756e-05
  leak. wordline power (mW): 0.00135508
  dyn. read data bitline energy (nJ): 8.19357e-05
  dyn. write data bitline energy (nJ): 0.000109268
  leak. data bitline power (mW): 1.02082
 sense_amp_tag (ns): 0.044625
  dyn. read energy (nJ): 3.25224e-05
  leak. read power (mW): 0.077974
 compare (ns): 0.116132
  dyn. read energy (nJ): 0.000110126
  leak. read power (mW): 0.000224023
 valid signal driver (ns): 0.0200941
     dyn. read energy (nJ): 4.61456e-05
    leak. read power (mW): 0
 data output driver (ns): 0.0638955
	   dyn. read energy (nJ): 0.000108624
	   leak. read power (mW): 0.0176371
 total_out_driver (ns): 0
	 dyn. read energy (nJ): 0
	 leak. read power (mW): 0
 total data path (without output driver) (ns): 0.364012
 total tag path is dm (ns): 0.39833

Cache bank distributions and energy per access (1 banks)
	bank ctrl       0%      0.000pJ
	decode        5.2%      0.261pJ
	tag  array     38%      0.097pJ
	data array     50%      0.295pJ
	tag  ctrl     4.6%      0.189pJ
	data ctrl     2.1%      0.120pJ
	total                   0.963pJ



########################################################
Input to Cacti_Interface...
 size = 512, bsize = 8, assoc = 1, rports = 1, wports = 0
 subBanks = 1, tech = 0.070000, bits = 8
########### Printing input for params for testing...###
 C = 512, B = 8, A = 1
 RWP = 0, ERP = 1, EWP = 0, NSER = 0
 banks = 1, tech = 0.070000, bits_output = 8, fast_access = 0, pure_sram = 0
 force_tag = 0, force_tag_size = 0
 #################

##### Printing parameters for testing...#####

***** Cache Parameters:
  Cache Size: 512
  Number of sets per bank: 64
  Associativity: direct mapped
  tag_associativity: 1
  data_associativity: 1
  Block Size (bytes): 8
  Read/Write Ports: 1
  Read Ports: 0
  Write Ports: 0
  num_single_ended_read_ports: 0
  NSubbanks: 1
  fully_assoc: 0
  fudgefactor: 11.4V
  Technology Size: 0.07um
  Vdd: 0.9V
  sequential_access: 0V
  fast_access: 0
  force_tag: 0
  tag_size: 515396076
  nr_bits_out: 8
  pure_sram: 0
  **************************

---------- CACTI version 4.1 ----------

Cache Parameters:
  Number of banks: 1
  Total Cache Size: 512
  Size in bytes of a bank: 512
  Number of sets per bank: 64
  Associativity: direct mapped
  Block Size (bytes): 8
  Read/Write Ports: 1
  Read Ports: 0
  Write Ports: 0
  Technology Size: 0.07um
  Vdd: 0.9V

Access Time (ns): 0.427908
Cycle Time (ns):  0.259604
Total dynamic Read Power at max. freq. (W): 0.0035299
Total leakage Read/Write Power all Banks (mW): 3.0226
Total dynamic Read Energy all Banks (nJ): 0.000916376
Total dynamic Write Energy all Banks (nJ): 0.000443431
Total dynamic Read Energy Without Routing (nJ): 0.000916376
Total dynamic Write Energy Without Routing (nJ): 0.000443431
Total dynamic Routing Energy (nJ): 0
Total leakage Read/Write Power Without Routing (mW): 3.0226
Total leakage Read/Write Routing Power (mW): 0

Best Ndwl (L1): 1
Best Ndbl (L1): 4
Best Nspd (L1): 1.000000
Best Ntwl (L1): 1
Best Ntbl (L1): 8
Best Ntspd (L1): 1

Area Components:

Aspect Ratio Total height/width: 1.874171

Data array (mm^2): 0.008501
Data predecode (mm^2): 0.000581
Data colmux predecode (mm^2): 0.000291
Data colmux post decode (mm^2): 0.000013
Data write signal (mm^2): 0.000057

Tag array (mm^2): 0.006408
Tag predecode (mm^2): 0.000291
Tag colmux predecode (mm^2): 0.000291
Tag colmux post decode (mm^2): 0.000025
Tag output driver decode (mm^2): 0.000403
Tag output driver enable signals (mm^2): 0.000057

Percentage of data ramcells alone of total area: 15.097107 %
Percentage of tag ramcells alone of total area: 8.492123 %
Percentage of total control/routing alone of total area: 76.410770 %

Subbank Efficiency : 2358.922994
Total Efficiency : 18.748755

Total area One bank (mm^2): 0.016919
Total area subbanked (mm^2): 0.021287

Time Components:
 data side (with Output driver) (ns): 0.427908
 tag side (with Output driver) (ns): 0.418424
 address routing delay (ns): 0
 decode_data (ns): 0.104409
     dyn. energy (nJ): 5.53574e-05
     leak. power (mW): 0.00944764
 wordline and bitline data (ns): 0.186979
  dyn. wordline energy (nJ): 2.05481e-05
  leak. wordline power (mW): 0.00097944
  dyn. read data bitline energy (nJ): 0.000274886
  dyn. write data bitline energy (nJ): 3.76941e-05
  leak. data bitline power (mW): 1.67519
 sense_amp_data (ns): 0.072625
     dyn. energy (nJ): 1.1813e-05
     leak. power (mW): 0.127957
 decode_tag (ns): 0.128973
     dyn. energy (nJ): 0.000205988
     leak. power (mW): 0.101443
 wordline and bitline tag (ns): 0.1086
  dyn. wordline energy (nJ): 1.45756e-05
  leak. wordline power (mW): 0.00135508
  dyn. read data bitline energy (nJ): 8.19357e-05
  dyn. write data bitline energy (nJ): 0.000109268
  leak. data bitline power (mW): 1.02082
 sense_amp_tag (ns): 0.044625
  dyn. read energy (nJ): 3.25224e-05
  leak. read power (mW): 0.077974
 compare (ns): 0.116132
  dyn. read energy (nJ): 0.000110126
  leak. read power (mW): 0.000224023
 valid signal driver (ns): 0.0200941
     dyn. read energy (nJ): 4.61456e-05
    leak. read power (mW): 0
 data output driver (ns): 0.0638955
	   dyn. read energy (nJ): 0.000108624
	   leak. read power (mW): 0.0176371
 total_out_driver (ns): 0
	 dyn. read energy (nJ): 0
	 leak. read power (mW): 0
 total data path (without output driver) (ns): 0.364012
 total tag path is dm (ns): 0.39833

Cache bank distributions and energy per access (1 banks)
	bank ctrl       0%      0.000pJ
	decode        5.2%      0.261pJ
	tag  array     38%      0.097pJ
	data array     50%      0.295pJ
	tag  ctrl     4.6%      0.189pJ
	data ctrl     2.1%      0.120pJ
	total                   0.963pJ



########################################################
Input to Cacti_Interface...
 size = 16384, bsize = 8, assoc = 2, rports = 1, wports = 0
 subBanks = 1, tech = 0.070000, bits = 64
########### Printing input for params for testing...###
 C = 16384, B = 8, A = 2
 RWP = 0, ERP = 1, EWP = 0, NSER = 0
 banks = 1, tech = 0.070000, bits_output = 64, fast_access = 0, pure_sram = 1
 force_tag = 0, force_tag_size = 0
 #################

##### Printing parameters for testing...#####

***** Cache Parameters:
  Cache Size: 16384
  Number of sets per bank: 1024
  Associativity: 2
  tag_associativity: 2
  data_associativity: 2
  Block Size (bytes): 8
  Read/Write Ports: 1
  Read Ports: 0
  Write Ports: 0
  num_single_ended_read_ports: 0
  NSubbanks: 1
  fully_assoc: 0
  fudgefactor: 11.4V
  Technology Size: 0.07um
  Vdd: 0.9V
  sequential_access: 0V
  fast_access: 0
  force_tag: 0
  tag_size: 515396076
  nr_bits_out: 64
  pure_sram: 1
  **************************

---------- CACTI version 4.1 ----------

Cache Parameters:
  Number of banks: 1
  Total Cache Size: 16384
  Size in bytes of a bank: 16384
  Number of sets per bank: 1024
  Associativity: 2
  Block Size (bytes): 8
  Read/Write Ports: 1
  Read Ports: 0
  Write Ports: 0
  Technology Size: 0.07um
  Vdd: 0.9V

Access Time (ns): 0.708668
Cycle Time (ns):  0.282518
Total dynamic Read Power at max. freq. (W): 0.0154019
Total leakage Read/Write Power all Banks (mW): 54.8167
Total dynamic Read Energy all Banks (nJ): 0.0043513
Total dynamic Write Energy all Banks (nJ): 0.00154252
Total dynamic Read Energy Without Routing (nJ): 0.0043513
Total dynamic Write Energy Without Routing (nJ): 0.00154252
Total dynamic Routing Energy (nJ): 0
Total leakage Read/Write Power Without Routing (mW): 54.8167
Total leakage Read/Write Routing Power (mW): 0

Best Ndwl (L1): 1
Best Ndbl (L1): 16
Best Nspd (L1): 1.000000
Best Ntwl (L1): 1
Best Ntbl (L1): 8
Best Ntspd (L1): 2

Area Components:

Aspect Ratio Total height/width: 1.461579

Data array (mm^2): 0.145665
Data predecode (mm^2): 0.000581
Data colmux predecode (mm^2): 0.000581
Data colmux post decode (mm^2): 0.000059
Data write signal (mm^2): 0.000101

Tag array (mm^2): 0.000000
Tag predecode (mm^2): 0.000000
Tag colmux predecode (mm^2): 0.000000
Tag colmux post decode (mm^2): 0.000000
Tag output driver decode (mm^2): 0.000000
Tag output driver enable signals (mm^2): 0.000000

Percentage of data ramcells alone of total area: 55.606751 %
Percentage of tag ramcells alone of total area: 0.000000 %
Percentage of total control/routing alone of total area: 44.393249 %

Subbank Efficiency : 5560.675089
Total Efficiency : 56.111732

Total area One bank (mm^2): 0.146987
Total area subbanked (mm^2): 0.145665

Time Components:
 data side (with Output driver) (ns): 0.51533
 tag side (with Output driver) (ns): 0.581787
 address routing delay (ns): 0
 decode_data (ns): 0.130926
     dyn. energy (nJ): 0.000468248
     leak. power (mW): 0.333719
 wordline and bitline data (ns): 0.209893
  dyn. wordline energy (nJ): 3.99488e-05
  leak. wordline power (mW): 0.00671616
  dyn. read data bitline energy (nJ): 0.00174815
  dyn. write data bitline energy (nJ): 0.00103432
  leak. data bitline power (mW): 53.6062
 sense_amp_data (ns): 0.072625
     dyn. energy (nJ): 0.000200145
     leak. power (mW): 0.255915
 decode_tag (ns): 0.125541
     dyn. energy (nJ): 0.00119646
     leak. power (mW): 0.591143
 wordline and bitline tag (ns): 0.172291
  dyn. wordline energy (nJ): 4.82937e-05
  leak. wordline power (mW): 0.00352393
  dyn. read data bitline energy (nJ): 0.00161918
  dyn. write data bitline energy (nJ): 0.00176364
  leak. data bitline power (mW): 28.4783
 sense_amp_tag (ns): 0.044625
  dyn. read energy (nJ): 5.67058e-05
  leak. read power (mW): 0.271909
 compare (ns): 0.113419
  dyn. read energy (nJ): 0.00026096
  leak. read power (mW): 0.00291842
 mux driver (ns): 0.126881
  dyn. read energy (nJ): 0.000324455
  leak. read power (mW): 0.363228
 sel inverter (ns): 0.0240247
  dyn. read energy (nJ): 8.48299e-07
  leak. read power (mW): 0
 data output driver (ns): 0.101886
	   dyn. read energy (nJ): 0.00189481
	   leak. read power (mW): 0.954611
 total_out_driver (ns): 0
	 dyn. read energy (nJ): 0
	 leak. read power (mW): 0
 total data path (without output driver) (ns): 0.413444
 total tag path is set assoc (ns): 0.606782

Cache bank distributions and energy per access (1 banks)
	bank ctrl       0%      0.000pJ
	decode        5.2%      1.665pJ
	tag  array    5.2%      1.667pJ
	data array     83%      1.788pJ
	tag  ctrl       0%      0.643pJ
	data ctrl     6.5%      2.095pJ
	total                   7.858pJ



########################################################
Input to Cacti_Interface...
 size = 256, bsize = 8, assoc = 1, rports = 1, wports = 0
 subBanks = 1, tech = 0.070000, bits = 64
########### Printing input for params for testing...###
 C = 256, B = 8, A = 1
 RWP = 0, ERP = 1, EWP = 0, NSER = 0
 banks = 1, tech = 0.070000, bits_output = 64, fast_access = 0, pure_sram = 0
 force_tag = 0, force_tag_size = 0
 #################

##### Printing parameters for testing...#####

***** Cache Parameters:
  Cache Size: 256
  Number of sets per bank: 32
  Associativity: direct mapped
  tag_associativity: 1
  data_associativity: 1
  Block Size (bytes): 8
  Read/Write Ports: 1
  Read Ports: 0
  Write Ports: 0
  num_single_ended_read_ports: 0
  NSubbanks: 1
  fully_assoc: 0
  fudgefactor: 11.4V
  Technology Size: 0.07um
  Vdd: 0.9V
  sequential_access: 0V
  fast_access: 0
  force_tag: 0
  tag_size: 515396076
  nr_bits_out: 64
  pure_sram: 0
  **************************

---------- CACTI version 4.1 ----------

Cache Parameters:
  Number of banks: 1
  Total Cache Size: 256
  Size in bytes of a bank: 256
  Number of sets per bank: 32
  Associativity: direct mapped
  Block Size (bytes): 8
  Read/Write Ports: 1
  Read Ports: 0
  Write Ports: 0
  Technology Size: 0.07um
  Vdd: 0.9V

Access Time (ns): 0.399635
Cycle Time (ns):  0.228902
Total dynamic Read Power at max. freq. (W): 0.00707875
Total leakage Read/Write Power all Banks (mW): 1.73028
Total dynamic Read Energy all Banks (nJ): 0.00162034
Total dynamic Write Energy all Banks (nJ): 0.000500187
Total dynamic Read Energy Without Routing (nJ): 0.00162034
Total dynamic Write Energy Without Routing (nJ): 0.000500187
Total dynamic Routing Energy (nJ): 0
Total leakage Read/Write Power Without Routing (mW): 1.73028
Total leakage Read/Write Routing Power (mW): 0

Best Ndwl (L1): 1
Best Ndbl (L1): 4
Best Nspd (L1): 1.000000
Best Ntwl (L1): 1
Best Ntbl (L1): 4
Best Ntspd (L1): 1

Area Components:

Aspect Ratio Total height/width: 1.286649

Data array (mm^2): 0.007759
Data predecode (mm^2): 0.000291
Data colmux predecode (mm^2): 0.000291
Data colmux post decode (mm^2): 0.000013
Data write signal (mm^2): 0.000004

Tag array (mm^2): 0.002940
Tag predecode (mm^2): 0.000291
Tag colmux predecode (mm^2): 0.000291
Tag colmux post decode (mm^2): 0.000013
Tag output driver decode (mm^2): 0.000366
Tag output driver enable signals (mm^2): 0.000004

Percentage of data ramcells alone of total area: 10.414062 %
Percentage of tag ramcells alone of total area: 6.508789 %
Percentage of total control/routing alone of total area: 83.077149 %

Subbank Efficiency : 1692.285065
Total Efficiency : 16.142399

Total area One bank (mm^2): 0.012263
Total area subbanked (mm^2): 0.012856

Time Components:
 data side (with Output driver) (ns): 0.388058
 tag side (with Output driver) (ns): 0.399635
 address routing delay (ns): 0
 decode_data (ns): 0.0952927
     dyn. energy (nJ): 2.58571e-05
     leak. power (mW): 0.00494311
 wordline and bitline data (ns): 0.156277
  dyn. wordline energy (nJ): 2.05481e-05
  leak. wordline power (mW): 0.00097944
  dyn. read data bitline energy (nJ): 0.000246988
  dyn. write data bitline energy (nJ): 0.000179203
  leak. data bitline power (mW): 0.837597
 sense_amp_data (ns): 0.072625
     dyn. energy (nJ): 9.36963e-05
     leak. power (mW): 0.127957
 decode_tag (ns): 0.109915
     dyn. energy (nJ): 0.000147411
     leak. power (mW): 0.0232365
 wordline and bitline tag (ns): 0.108881
  dyn. wordline energy (nJ): 1.49254e-05
  leak. wordline power (mW): 0.000690145
  dyn. read data bitline energy (nJ): 8.41173e-05
  dyn. write data bitline energy (nJ): 0.000112243
  leak. data bitline power (mW): 0.523498
 sense_amp_tag (ns): 0.044625
  dyn. read energy (nJ): 3.33563e-05
  leak. read power (mW): 0.0799733
 compare (ns): 0.116578
  dyn. read energy (nJ): 0.000108485
  leak. read power (mW): 0.000174003
 valid signal driver (ns): 0.0196363
     dyn. read energy (nJ): 4.52989e-05
    leak. read power (mW): 0
 data output driver (ns): 0.0638633
	   dyn. read energy (nJ): 0.000844953
	   leak. read power (mW): 0.137157
 total_out_driver (ns): 0
	 dyn. read energy (nJ): 0
	 leak. read power (mW): 0
 total data path (without output driver) (ns): 0.324194
 total tag path is dm (ns): 0.379998

Cache bank distributions and energy per access (1 banks)
	bank ctrl       0%      0.000pJ
	decode        4.2%      0.173pJ
	tag  array     21%      0.099pJ
	data array     56%      0.268pJ
	tag  ctrl     4.9%      0.187pJ
	data ctrl      13%      0.939pJ
	total                   1.666pJ



########################################################
Input to Cacti_Interface...
 size = 2048, bsize = 8, assoc = 1, rports = 2, wports = 6
 subBanks = 1, tech = 0.070000, bits = 32
########### Printing input for params for testing...###
 C = 2048, B = 8, A = 1
 RWP = 0, ERP = 2, EWP = 6, NSER = 0
 banks = 1, tech = 0.070000, bits_output = 32, fast_access = 0, pure_sram = 0
 force_tag = 0, force_tag_size = 0
 #################

##### Printing parameters for testing...#####

***** Cache Parameters:
  Cache Size: 2048
  Number of sets per bank: 256
  Associativity: direct mapped
  tag_associativity: 1
  data_associativity: 1
  Block Size (bytes): 8
  Read/Write Ports: 0
  Read Ports: 2
  Write Ports: 6
  num_single_ended_read_ports: 0
  NSubbanks: 1
  fully_assoc: 0
  fudgefactor: 11.4V
  Technology Size: 0.07um
  Vdd: 0.9V
  sequential_access: 0V
  fast_access: 0
  force_tag: 0
  tag_size: 515396076
  nr_bits_out: 32
  pure_sram: 0
  **************************

---------- CACTI version 4.1 ----------

Cache Parameters:
  Number of banks: 1
  Total Cache Size: 2048
  Size in bytes of a bank: 2048
  Number of sets per bank: 256
  Associativity: direct mapped
  Block Size (bytes): 8
  Read/Write Ports: 0
  Read Ports: 2
  Write Ports: 6
  Technology Size: 0.07um
  Vdd: 0.9V

Access Time (ns): 0.806024
Cycle Time (ns):  0.537692
Total dynamic Read Power at max. freq. (W): 0.0256331
Total leakage Read/Write Power all Banks (mW): 24.6387
Total dynamic Read Energy all Banks (nJ): 0.0137827
Total dynamic Write Energy all Banks (nJ): 0.0106296
Total dynamic Read Energy Without Routing (nJ): 0.0137827
Total dynamic Write Energy Without Routing (nJ): 0.0106296
Total dynamic Routing Energy (nJ): 0
Total leakage Read/Write Power Without Routing (mW): 24.6387
Total leakage Read/Write Routing Power (mW): 0

Best Ndwl (L1): 1
Best Ndbl (L1): 4
Best Nspd (L1): 4.000000
Best Ntwl (L1): 1
Best Ntbl (L1): 8
Best Ntspd (L1): 2

Area Components:

Aspect Ratio Total height/width: 7.796253

Data array (mm^2): 0.893728
Data predecode (mm^2): 0.004650
Data colmux predecode (mm^2): 0.004650
Data colmux post decode (mm^2): 0.002560
Data write signal (mm^2): 0.000065

Tag array (mm^2): 0.481409
Tag predecode (mm^2): 0.004650
Tag colmux predecode (mm^2): 0.004650
Tag colmux post decode (mm^2): 0.002560
Tag output driver decode (mm^2): 0.009921
Tag output driver enable signals (mm^2): 0.000065

Percentage of data ramcells alone of total area: 18.333845 %
Percentage of tag ramcells alone of total area: 10.599254 %
Percentage of total control/routing alone of total area: 71.066901 %

Subbank Efficiency : 2893.309938
Total Efficiency : 26.330965

Total area One bank (mm^2): 1.408844
Total area subbanked (mm^2): 1.548071

Time Components:
 data side (with Output driver) (ns): 0.806024
 tag side (with Output driver) (ns): 0.463545
 address routing delay (ns): 0
 decode_data (ns): 0.185221
     dyn. energy (nJ): 0.000546493
     leak. power (mW): 0.119732
 wordline and bitline data (ns): 0.465067
  dyn. wordline energy (nJ): 0.000183347
  leak. wordline power (mW): 0.00700202
  dyn. read data bitline energy (nJ): 0.00247727
  dyn. write data bitline energy (nJ): 0.000385616
  leak. data bitline power (mW): 6.70077
 sense_amp_data (ns): 0.072625
     dyn. energy (nJ): 0.000161357
     leak. power (mW): 0.511829
 decode_tag (ns): 0.129167
     dyn. energy (nJ): 0.00156216
     leak. power (mW): 0.849866
 wordline and bitline tag (ns): 0.132707
  dyn. wordline energy (nJ): 2.67819e-05
  leak. wordline power (mW): 0.00218855
  dyn. read data bitline energy (nJ): 0.000323604
  dyn. write data bitline energy (nJ): 0.000379478
  leak. data bitline power (mW): 3.87388
 sense_amp_tag (ns): 0.044625
  dyn. read energy (nJ): 3.08546e-05
  leak. read power (mW): 0.147951
 compare (ns): 0.114301
  dyn. read energy (nJ): 0.000147166
  leak. read power (mW): 0.00164277
 valid signal driver (ns): 0.0427458
     dyn. read energy (nJ): 7.49552e-05
    leak. read power (mW): 0
 data output driver (ns): 0.0831108
	   dyn. read energy (nJ): 0.00143233
	   leak. read power (mW): 0.231223
 total_out_driver (ns): 0
	 dyn. read energy (nJ): 0
	 leak. read power (mW): 0
 total data path (without output driver) (ns): 0.722913
 total tag path is dm (ns): 0.4208

Cache bank distributions and energy per access (1 banks)
	bank ctrl       0%      0.000pJ
	decode        3.2%      2.109pJ
	tag  array     33%      0.350pJ
	data array     61%      2.661pJ
	tag  ctrl     1.2%      0.253pJ
	data ctrl     2.4%      1.594pJ
	total                   6.966pJ

Register [1408 bytes] banks[1] ports[12] Energy[1.6035]



########################################################
Input to Cacti_Interface...
 size = 2048, bsize = 16, assoc = 128, rports = 2, wports = 0
 subBanks = 1, tech = 0.070000, bits = 64
########### Printing input for params for testing...###
 C = 2048, B = 16, A = 16
 RWP = 0, ERP = 2, EWP = 0, NSER = 0
 banks = 1, tech = 0.070000, bits_output = 64, fast_access = 0, pure_sram = 1
 force_tag = 0, force_tag_size = 0
 #################

##### Printing parameters for testing...#####

***** Cache Parameters:
  Cache Size: 2048
  Number of sets per bank: 8
  Associativity: fully associative
  tag_associativity: 16
  data_associativity: 16
  Block Size (bytes): 16
  Read/Write Ports: 0
  Read Ports: 2
  Write Ports: 0
  num_single_ended_read_ports: 0
  NSubbanks: 1
  fully_assoc: 1
  fudgefactor: 11.4V
  Technology Size: 0.07um
  Vdd: 0.9V
  sequential_access: 0V
  fast_access: 0
  force_tag: 0
  tag_size: 515396076
  nr_bits_out: 64
  pure_sram: 1
  **************************

---------- CACTI version 4.1 ----------

Cache Parameters:
  Number of banks: 1
  Total Cache Size: 2048
  Size in bytes of a bank: 2048
  Number of sets per bank: 8
  Associativity: fully associative
  Block Size (bytes): 16
  Read/Write Ports: 0
  Read Ports: 2
  Write Ports: 0
  Technology Size: 0.07um
  Vdd: 0.9V

Access Time (ns): 0.985407
Cycle Time (ns):  0.236026
Total dynamic Read Power at max. freq. (W): 0.363778
Total leakage Read/Write Power all Banks (mW): 16.0974
Total dynamic Read Energy all Banks (nJ): 0.0858611
Total dynamic Write Energy all Banks (nJ): 0
Total dynamic Read Energy Without Routing (nJ): 0.0858611
Total dynamic Write Energy Without Routing (nJ): 0
Total dynamic Routing Energy (nJ): 0
Total leakage Read/Write Power Without Routing (mW): 16.0974
Total leakage Read/Write Routing Power (mW): 0

Best Ndwl (L1): 1
Best Ndbl (L1): 4
Best Nspd (L1): 1.000000
Best Ntwl (L1): 1
Best Ntbl (L1): 4
Best Ntspd (L1): 1

Area Components:

Aspect Ratio Total height/width: 1.975048

Data array (mm^2): 0.405570
Data predecode (mm^2): 0.002518
Data colmux predecode (mm^2): 0.000000
Data colmux post decode (mm^2): 0.000000
Data write signal (mm^2): 0.000000

Tag array (mm^2): 0.000000
Tag predecode (mm^2): 0.000000
Tag colmux predecode (mm^2): 0.000000
Tag colmux post decode (mm^2): 0.000000
Tag output driver decode (mm^2): 0.001356
Tag output driver enable signals (mm^2): 0.000000

Percentage of data ramcells alone of total area: 61.082339 %
Percentage of tag ramcells alone of total area: 0.000000 %
Percentage of total control/routing alone of total area: 38.917661 %

Subbank Efficiency : 6108.233852
Total Efficiency : 61.665843

Total area One bank (mm^2): 0.409444
Total area subbanked (mm^2): 0.405570

Time Components:
 data side (with Output driver) (ns): 0.985407
 address routing delay (ns): 0
 tag_comparison (ns): 0.612722
     dyn. energy (nJ): 0.0323635
     leak. power (mW): 0
 wordline and bitline data (ns): 0.163401
  dyn. wordline energy (nJ): 4.30602e-05
  leak. wordline power (mW): 0.00213479
  dyn. read data bitline energy (nJ): 0.00114987
  dyn. write data bitline energy (nJ): 0.000674578
  leak. data bitline power (mW): 6.70077
 sense_amp_data (ns): 0.072625
     dyn. energy (nJ): 0.00444145
     leak. power (mW): 4.09463
 data output driver (ns): 0.136659
	   dyn. read energy (nJ): 0.00493266
	   leak. read power (mW): 3.95407
 total_out_driver (ns): 0
	 dyn. read energy (nJ): 0
	 leak. read power (mW): 0
 total data path (without output driver) (ns): 0.848748

Cache bank distributions and energy per access (1 banks)
	bank ctrl       0%      0.000pJ
	decode         54%     32.364pJ
	tag  array      0%      0.000pJ
	data array     30%      1.193pJ
	tag  ctrl       0%      0.000pJ
	data ctrl      16%      9.374pJ
	total                  42.931pJ

Load Queue [1152 bytes] banks[1] ports[4] Energy[9.9892]



########################################################
Input to Cacti_Interface...
 size = 2048, bsize = 32, assoc = 64, rports = 2, wports = 0
 subBanks = 1, tech = 0.070000, bits = 64
########### Printing input for params for testing...###
 C = 2048, B = 32, A = 16
 RWP = 0, ERP = 2, EWP = 0, NSER = 0
 banks = 1, tech = 0.070000, bits_output = 64, fast_access = 0, pure_sram = 1
 force_tag = 0, force_tag_size = 0
 #################

##### Printing parameters for testing...#####

***** Cache Parameters:
  Cache Size: 2048
  Number of sets per bank: 4
  Associativity: fully associative
  tag_associativity: 16
  data_associativity: 16
  Block Size (bytes): 32
  Read/Write Ports: 0
  Read Ports: 2
  Write Ports: 0
  num_single_ended_read_ports: 0
  NSubbanks: 1
  fully_assoc: 1
  fudgefactor: 11.4V
  Technology Size: 0.07um
  Vdd: 0.9V
  sequential_access: 0V
  fast_access: 0
  force_tag: 0
  tag_size: 515396076
  nr_bits_out: 64
  pure_sram: 1
  **************************

---------- CACTI version 4.1 ----------

Cache Parameters:
  Number of banks: 1
  Total Cache Size: 2048
  Size in bytes of a bank: 2048
  Number of sets per bank: 4
  Associativity: fully associative
  Block Size (bytes): 32
  Read/Write Ports: 0
  Read Ports: 2
  Write Ports: 0
  Technology Size: 0.07um
  Vdd: 0.9V

Access Time (ns): 0.915764
Cycle Time (ns):  0.252602
Total dynamic Read Power at max. freq. (W): 0.258357
Total leakage Read/Write Power all Banks (mW): 24.2867
Total dynamic Read Energy all Banks (nJ): 0.0652615
Total dynamic Write Energy all Banks (nJ): 0
Total dynamic Read Energy Without Routing (nJ): 0.0652615
Total dynamic Write Energy Without Routing (nJ): 0
Total dynamic Routing Energy (nJ): 0
Total leakage Read/Write Power Without Routing (mW): 24.2867
Total leakage Read/Write Routing Power (mW): 0

Best Ndwl (L1): 1
Best Ndbl (L1): 4
Best Nspd (L1): 1.000000
Best Ntwl (L1): 1
Best Ntbl (L1): 4
Best Ntspd (L1): 1

Area Components:

Aspect Ratio Total height/width: 3.632931

Data array (mm^2): 0.363078
Data predecode (mm^2): 0.001163
Data colmux predecode (mm^2): 0.000000
Data colmux post decode (mm^2): 0.000000
Data write signal (mm^2): 0.000000

Tag array (mm^2): 0.000000
Tag predecode (mm^2): 0.000000
Tag colmux predecode (mm^2): 0.000000
Tag colmux post decode (mm^2): 0.000000
Tag output driver decode (mm^2): 0.001398
Tag output driver enable signals (mm^2): 0.000000

Percentage of data ramcells alone of total area: 45.206132 %
Percentage of tag ramcells alone of total area: 0.000000 %
Percentage of total control/routing alone of total area: 54.793868 %

Subbank Efficiency : 4520.613223
Total Efficiency : 45.524999

Total area One bank (mm^2): 0.365639
Total area subbanked (mm^2): 0.363078

Time Components:
 data side (with Output driver) (ns): 0.915764
 address routing delay (ns): 0
 tag_comparison (ns): 0.526503
     dyn. energy (nJ): 0.0218534
     leak. power (mW): 0
 wordline and bitline data (ns): 0.179977
  dyn. wordline energy (nJ): 8.00059e-05
  leak. wordline power (mW): 0.00251782
  dyn. read data bitline energy (nJ): 0.00132322
  dyn. write data bitline energy (nJ): 0.000365764
  leak. data bitline power (mW): 6.70077
 sense_amp_data (ns): 0.072625
     dyn. energy (nJ): 0.00444145
     leak. power (mW): 8.18926
 data output driver (ns): 0.136659
	   dyn. read energy (nJ): 0.00493266
	   leak. read power (mW): 3.95407
 total_out_driver (ns): 0
	 dyn. read energy (nJ): 0
	 leak. read power (mW): 0
 total data path (without output driver) (ns): 0.779105

Cache bank distributions and energy per access (1 banks)
	bank ctrl       0%      0.000pJ
	decode         42%     21.853pJ
	tag  array      0%      0.000pJ
	data array     40%      1.403pJ
	tag  ctrl       0%      0.000pJ
	data ctrl      18%      9.374pJ
	total                  32.631pJ

Store Queue [1792 bytes] banks[1] ports[4] Energy[7.59262]



########################################################
Input to Cacti_Interface...
 size = 512, bsize = 8, assoc = 1, rports = 1, wports = 1
 subBanks = 2, tech = 0.070000, bits = 64
########### Printing input for params for testing...###
 C = 256, B = 8, A = 1
 RWP = 0, ERP = 1, EWP = 1, NSER = 0
 banks = 2, tech = 0.070000, bits_output = 64, fast_access = 0, pure_sram = 0
 force_tag = 0, force_tag_size = 0
 #################

##### Printing parameters for testing...#####

***** Cache Parameters:
  Cache Size: 256
  Number of sets per bank: 32
  Associativity: direct mapped
  tag_associativity: 1
  data_associativity: 1
  Block Size (bytes): 8
  Read/Write Ports: 1
  Read Ports: 0
  Write Ports: 0
  num_single_ended_read_ports: 0
  NSubbanks: 2
  fully_assoc: 0
  fudgefactor: 11.4V
  Technology Size: 0.07um
  Vdd: 0.9V
  sequential_access: 0V
  fast_access: 0
  force_tag: 0
  tag_size: 515396076
  nr_bits_out: 64
  pure_sram: 0
  **************************

---------- CACTI version 4.1 ----------

Cache Parameters:
  Number of banks: 2
  Total Cache Size: 256
  Size in bytes of a bank: 128
  Number of sets per bank: 32
  Associativity: direct mapped
  Block Size (bytes): 8
  Read/Write Ports: 1
  Read Ports: 0
  Write Ports: 0
  Technology Size: 0.07um
  Vdd: 0.9V

Access Time (ns): 0.399635
Cycle Time (ns):  0.228902
Total dynamic Read Power at max. freq. (W): 0.0141575
Total leakage Read/Write Power all Banks (mW): 3.46057
Total dynamic Read Energy all Banks (nJ): 0.00324068
Total dynamic Write Energy all Banks (nJ): 0.00100037
Total dynamic Read Energy Without Routing (nJ): 0.00324068
Total dynamic Write Energy Without Routing (nJ): 0.00100037
Total dynamic Routing Energy (nJ): 0
Total leakage Read/Write Power Without Routing (mW): 3.46057
Total leakage Read/Write Routing Power (mW): 0

Best Ndwl (L1): 1
Best Ndbl (L1): 4
Best Nspd (L1): 1.000000
Best Ntwl (L1): 1
Best Ntbl (L1): 4
Best Ntspd (L1): 1

Area Components:

Aspect Ratio Total height/width: 2.786142

Data array (mm^2): 0.007759
Data predecode (mm^2): 0.000291
Data colmux predecode (mm^2): 0.000291
Data colmux post decode (mm^2): 0.000013
Data write signal (mm^2): 0.000004

Tag array (mm^2): 0.002928
Tag predecode (mm^2): 0.000291
Tag colmux predecode (mm^2): 0.000291
Tag colmux post decode (mm^2): 0.000013
Tag output driver decode (mm^2): 0.000366
Tag output driver enable signals (mm^2): 0.000004

Percentage of data ramcells alone of total area: 10.423770 %
Percentage of tag ramcells alone of total area: 6.514856 %
Percentage of total control/routing alone of total area: 83.061373 %

Subbank Efficiency : 1693.862685
Total Efficiency : 12.454515

Total area One bank (mm^2): 0.012252
Total area subbanked (mm^2): 0.033326

Time Components:
 data side (with Output driver) (ns): 0.388058
 tag side (with Output driver) (ns): 0.399635
 address routing delay (ns): 0
 decode_data (ns): 0.0952927
     dyn. energy (nJ): 2.58571e-05
     leak. power (mW): 0.00494311
 wordline and bitline data (ns): 0.156277
  dyn. wordline energy (nJ): 2.05481e-05
  leak. wordline power (mW): 0.00097944
  dyn. read data bitline energy (nJ): 0.000246988
  dyn. write data bitline energy (nJ): 0.000179203
  leak. data bitline power (mW): 0.837597
 sense_amp_data (ns): 0.072625
     dyn. energy (nJ): 9.36963e-05
     leak. power (mW): 0.127957
 decode_tag (ns): 0.109915
     dyn. energy (nJ): 0.000147411
     leak. power (mW): 0.0232365
 wordline and bitline tag (ns): 0.108881
  dyn. wordline energy (nJ): 1.49254e-05
  leak. wordline power (mW): 0.000690145
  dyn. read data bitline energy (nJ): 8.41173e-05
  dyn. write data bitline energy (nJ): 0.000112243
  leak. data bitline power (mW): 0.523498
 sense_amp_tag (ns): 0.044625
  dyn. read energy (nJ): 3.33563e-05
  leak. read power (mW): 0.0799733
 compare (ns): 0.116578
  dyn. read energy (nJ): 0.000108485
  leak. read power (mW): 0.000174003
 valid signal driver (ns): 0.0196363
     dyn. read energy (nJ): 4.52989e-05
    leak. read power (mW): 0
 data output driver (ns): 0.0638633
	   dyn. read energy (nJ): 0.000844953
	   leak. read power (mW): 0.137157
 total_out_driver (ns): 0
	 dyn. read energy (nJ): 0
	 leak. read power (mW): 0
 total data path (without output driver) (ns): 0.324194
 total tag path is dm (ns): 0.379998

Cache bank distributions and energy per access (2 banks)
	bank ctrl       0%      0.000pJ
	decode        4.2%      0.173pJ
	tag  array     21%      0.099pJ
	data array     56%      0.268pJ
	tag  ctrl     4.9%      0.187pJ
	data ctrl      13%      0.939pJ
	total                   1.666pJ

ROB [352 bytes] banks[2] ports[2] Energy[0.188512]
size 32: subBanks 1: assoc 1 : nset 32



########################################################
Input to Cacti_Interface...
 size = 64, bsize = 1, assoc = 1, rports = 2, wports = 6
 subBanks = 1, tech = 0.070000, bits = 1
########### Printing input for params for testing...###
 C = 64, B = 1, A = 1
 RWP = 0, ERP = 2, EWP = 6, NSER = 0
 banks = 1, tech = 0.070000, bits_output = 1, fast_access = 0, pure_sram = 0
 force_tag = 0, force_tag_size = 0
 #################

##### Printing parameters for testing...#####

***** Cache Parameters:
  Cache Size: 64
  Number of sets per bank: 64
  Associativity: direct mapped
  tag_associativity: 1
  data_associativity: 1
  Block Size (bytes): 1
  Read/Write Ports: 0
  Read Ports: 2
  Write Ports: 6
  num_single_ended_read_ports: 0
  NSubbanks: 1
  fully_assoc: 0
  fudgefactor: 11.4V
  Technology Size: 0.07um
  Vdd: 0.9V
  sequential_access: 0V
  fast_access: 0
  force_tag: 0
  tag_size: 515396076
  nr_bits_out: 1
  pure_sram: 0
  **************************

---------- CACTI version 4.1 ----------

Cache Parameters:
  Number of banks: 1
  Total Cache Size: 64
  Size in bytes of a bank: 64
  Number of sets per bank: 64
  Associativity: direct mapped
  Block Size (bytes): 1
  Read/Write Ports: 0
  Read Ports: 2
  Write Ports: 6
  Technology Size: 0.07um
  Vdd: 0.9V

Access Time (ns): 0.420522
Cycle Time (ns):  0.245213
Total dynamic Read Power at max. freq. (W): 0.0110446
Total leakage Read/Write Power all Banks (mW): 3.83161
Total dynamic Read Energy all Banks (nJ): 0.00270829
Total dynamic Write Energy all Banks (nJ): 0.00258744
Total dynamic Read Energy Without Routing (nJ): 0.00270829
Total dynamic Write Energy Without Routing (nJ): 0.00258744
Total dynamic Routing Energy (nJ): 0
Total leakage Read/Write Power Without Routing (mW): 3.83161
Total leakage Read/Write Routing Power (mW): 0

Best Ndwl (L1): 1
Best Ndbl (L1): 4
Best Nspd (L1): 2.000000
Best Ntwl (L1): 1
Best Ntbl (L1): 8
Best Ntspd (L1): 1

Area Components:

Aspect Ratio Total height/width: 3.631517

Data array (mm^2): 0.054885
Data predecode (mm^2): 0.002332
Data colmux predecode (mm^2): 0.002332
Data colmux post decode (mm^2): 0.000773
Data write signal (mm^2): 0.000455

Tag array (mm^2): 0.218270
Tag predecode (mm^2): 0.002332
Tag colmux predecode (mm^2): 0.002332
Tag colmux post decode (mm^2): 0.000773
Tag output driver decode (mm^2): 0.009381
Tag output driver enable signals (mm^2): 0.000455

Percentage of data ramcells alone of total area: 2.746741 %
Percentage of tag ramcells alone of total area: 13.733707 %
Percentage of total control/routing alone of total area: 83.519552 %

Subbank Efficiency : 1648.044843
Total Efficiency : 14.886880

Total area One bank (mm^2): 0.293866
Total area subbanked (mm^2): 0.325322

Time Components:
 data side (with Output driver) (ns): 0.401446
 tag side (with Output driver) (ns): 0.420522
 address routing delay (ns): 0
 decode_data (ns): 0.0923202
     dyn. energy (nJ): 6.66648e-05
     leak. power (mW): 0.0126697
 wordline and bitline data (ns): 0.172588
  dyn. wordline energy (nJ): 1.303e-05
  leak. wordline power (mW): 0.000875253
  dyn. read data bitline energy (nJ): 8.91493e-05
  dyn. write data bitline energy (nJ): 6.54688e-06
  leak. data bitline power (mW): 0.209399
 sense_amp_data (ns): 0.072625
     dyn. energy (nJ): 1.57537e-06
     leak. power (mW): 0.0319893
 decode_tag (ns): 0.116035
     dyn. energy (nJ): 0.000876013
     leak. power (mW): 0.486245
 wordline and bitline tag (ns): 0.111236
  dyn. wordline energy (nJ): 1.56249e-05
  leak. wordline power (mW): 0.00143038
  dyn. read data bitline energy (nJ): 0.000106933
  dyn. write data bitline energy (nJ): 0.000143355
  leak. data bitline power (mW): 1.09935
 sense_amp_tag (ns): 0.044625
  dyn. read energy (nJ): 3.50242e-05
  leak. read power (mW): 0.0839719
 compare (ns): 0.118301
  dyn. read energy (nJ): 0.000135175
  leak. read power (mW): 0.00100111
 valid signal driver (ns): 0.0303247
     dyn. read energy (nJ): 6.06795e-05
    leak. read power (mW): 0
 data output driver (ns): 0.063912
	   dyn. read energy (nJ): 1.49565e-05
	   leak. read power (mW): 0.00242107
 total_out_driver (ns): 0
	 dyn. read energy (nJ): 0
	 leak. read power (mW): 0
 total data path (without output driver) (ns): 0.337534
 total tag path is dm (ns): 0.390197

Cache bank distributions and energy per access (1 banks)
	bank ctrl       0%      0.000pJ
	decode         10%      0.943pJ
	tag  array     68%      0.123pJ
	data array     17%      0.102pJ
	tag  ctrl     3.9%      0.231pJ
	data ctrl    0.98%      0.017pJ
	total                   1.415pJ

rename [32 bytes] banks[1] Energy[0.315086]
size 32: subBanks 1: assoc 1 : nset 32



########################################################
Input to Cacti_Interface...
 size = 64, bsize = 1, assoc = 1, rports = 2, wports = 3
 subBanks = 1, tech = 0.070000, bits = 1
########### Printing input for params for testing...###
 C = 64, B = 1, A = 1
 RWP = 0, ERP = 2, EWP = 3, NSER = 0
 banks = 1, tech = 0.070000, bits_output = 1, fast_access = 0, pure_sram = 0
 force_tag = 0, force_tag_size = 0
 #################

##### Printing parameters for testing...#####

***** Cache Parameters:
  Cache Size: 64
  Number of sets per bank: 64
  Associativity: direct mapped
  tag_associativity: 1
  data_associativity: 1
  Block Size (bytes): 1
  Read/Write Ports: 0
  Read Ports: 2
  Write Ports: 3
  num_single_ended_read_ports: 0
  NSubbanks: 1
  fully_assoc: 0
  fudgefactor: 11.4V
  Technology Size: 0.07um
  Vdd: 0.9V
  sequential_access: 0V
  fast_access: 0
  force_tag: 0
  tag_size: 515396076
  nr_bits_out: 1
  pure_sram: 0
  **************************

---------- CACTI version 4.1 ----------

Cache Parameters:
  Number of banks: 1
  Total Cache Size: 64
  Size in bytes of a bank: 64
  Number of sets per bank: 64
  Associativity: direct mapped
  Block Size (bytes): 1
  Read/Write Ports: 0
  Read Ports: 2
  Write Ports: 3
  Technology Size: 0.07um
  Vdd: 0.9V

Access Time (ns): 0.417343
Cycle Time (ns):  0.251036
Total dynamic Read Power at max. freq. (W): 0.0079176
Total leakage Read/Write Power all Banks (mW): 3.47482
Total dynamic Read Energy all Banks (nJ): 0.00198761
Total dynamic Write Energy all Banks (nJ): 0.00163882
Total dynamic Read Energy Without Routing (nJ): 0.00198761
Total dynamic Write Energy Without Routing (nJ): 0.00163882
Total dynamic Routing Energy (nJ): 0
Total leakage Read/Write Power Without Routing (mW): 3.47482
Total leakage Read/Write Routing Power (mW): 0

Best Ndwl (L1): 1
Best Ndbl (L1): 4
Best Nspd (L1): 2.000000
Best Ntwl (L1): 1
Best Ntbl (L1): 8
Best Ntspd (L1): 1

Area Components:

Aspect Ratio Total height/width: 3.097202

Data array (mm^2): 0.024980
Data predecode (mm^2): 0.001457
Data colmux predecode (mm^2): 0.001457
Data colmux post decode (mm^2): 0.000316
Data write signal (mm^2): 0.000284

Tag array (mm^2): 0.093131
Tag predecode (mm^2): 0.001457
Tag colmux predecode (mm^2): 0.001457
Tag colmux post decode (mm^2): 0.000316
Tag output driver decode (mm^2): 0.004144
Tag output driver enable signals (mm^2): 0.000284

Percentage of data ramcells alone of total area: 2.725647 %
Percentage of tag ramcells alone of total area: 13.628236 %
Percentage of total control/routing alone of total area: 83.646116 %

Subbank Efficiency : 1635.388357
Total Efficiency : 14.048347

Total area One bank (mm^2): 0.129001
Total area subbanked (mm^2): 0.150172

Time Components:
 data side (with Output driver) (ns): 0.415114
 tag side (with Output driver) (ns): 0.417343
 address routing delay (ns): 0
 decode_data (ns): 0.100128
     dyn. energy (nJ): 4.64483e-05
     leak. power (mW): 0.00843758
 wordline and bitline data (ns): 0.178411
  dyn. wordline energy (nJ): 9.4343e-06
  leak. wordline power (mW): 0.000621272
  dyn. read data bitline energy (nJ): 7.02468e-05
  dyn. write data bitline energy (nJ): 4.93586e-06
  leak. data bitline power (mW): 0.209399
 sense_amp_data (ns): 0.072625
     dyn. energy (nJ): 1.46492e-06
     leak. power (mW): 0.0319893
 decode_tag (ns): 0.116556
     dyn. energy (nJ): 0.000570769
     leak. power (mW): 0.308426
 wordline and bitline tag (ns): 0.111188
  dyn. wordline energy (nJ): 1.56249e-05
  leak. wordline power (mW): 0.00143038
  dyn. read data bitline energy (nJ): 0.000105785
  dyn. write data bitline energy (nJ): 0.00014179
  leak. data bitline power (mW): 1.09935
 sense_amp_tag (ns): 0.044625
  dyn. read energy (nJ): 3.50242e-05
  leak. read power (mW): 0.0839719
 compare (ns): 0.119346
  dyn. read energy (nJ): 0.000125361
  leak. read power (mW): 0.000629151
 valid signal driver (ns): 0.0256276
     dyn. read energy (nJ): 5.36838e-05
    leak. read power (mW): 0
 data output driver (ns): 0.0639504
	   dyn. read energy (nJ): 1.36453e-05
	   leak. read power (mW): 0.00221816
 total_out_driver (ns): 0
	 dyn. read energy (nJ): 0
	 leak. read power (mW): 0
 total data path (without output driver) (ns): 0.351164
 total tag path is dm (ns): 0.391715

Cache bank distributions and energy per access (1 banks)
	bank ctrl       0%      0.000pJ
	decode        9.3%      0.617pJ
	tag  array     67%      0.121pJ
	data array     18%      0.080pJ
	tag  ctrl     4.3%      0.214pJ
	data ctrl     1.3%      0.015pJ
	total                   1.047pJ



########################################################
Input to Cacti_Interface...
 size = 512, bsize = 128, assoc = 4, rports = 2, wports = 2
 subBanks = 1, tech = 0.070000, bits = 37
########### Printing input for params for testing...###
 C = 512, B = 128, A = 4
 RWP = 0, ERP = 2, EWP = 2, NSER = 0
 banks = 1, tech = 0.070000, bits_output = 37, fast_access = 0, pure_sram = 1
 force_tag = 0, force_tag_size = 0
 #################

##### Printing parameters for testing...#####

***** Cache Parameters:
  Cache Size: 512
  Number of sets per bank: 1
  Associativity: fully associative
  tag_associativity: 4
  data_associativity: 4
  Block Size (bytes): 128
  Read/Write Ports: 0
  Read Ports: 2
  Write Ports: 2
  num_single_ended_read_ports: 0
  NSubbanks: 1
  fully_assoc: 1
  fudgefactor: 11.4V
  Technology Size: 0.07um
  Vdd: 0.9V
  sequential_access: 0V
  fast_access: 0
  force_tag: 0
  tag_size: 515396076
  nr_bits_out: 37
  pure_sram: 1
  **************************

---------- CACTI version 4.1 ----------

Cache Parameters:
  Number of banks: 1
  Total Cache Size: 512
  Size in bytes of a bank: 512
  Number of sets per bank: 1
  Associativity: fully associative
  Block Size (bytes): 128
  Read/Write Ports: 0
  Read Ports: 2
  Write Ports: 2
  Technology Size: 0.07um
  Vdd: 0.9V

Access Time (ns): 1.77274
Cycle Time (ns):  1.25879
Total dynamic Read Power at max. freq. (W): 0.0111225
Total leakage Read/Write Power all Banks (mW): 20.3465
Total dynamic Read Energy all Banks (nJ): 0.0140008
Total dynamic Write Energy all Banks (nJ): 0.00662921
Total dynamic Read Energy Without Routing (nJ): 0.0140008
Total dynamic Write Energy Without Routing (nJ): 0.00662921
Total dynamic Routing Energy (nJ): 0
Total leakage Read/Write Power Without Routing (mW): 20.3465
Total leakage Read/Write Routing Power (mW): 0

Best Ndwl (L1): 1
Best Ndbl (L1): 1
Best Nspd (L1): 1.000000
Best Ntwl (L1): 1
Best Ntbl (L1): 1
Best Ntspd (L1): 1

Area Components:

Aspect Ratio Total height/width: 12.209574

Data array (mm^2): 0.458040
Data predecode (mm^2): 0.001166
Data colmux predecode (mm^2): 0.000000
Data colmux post decode (mm^2): 0.000000
Data write signal (mm^2): 0.000000

Tag array (mm^2): 0.000000
Tag predecode (mm^2): 0.000000
Tag colmux predecode (mm^2): 0.000000
Tag colmux post decode (mm^2): 0.000000
Tag output driver decode (mm^2): 0.012851
Tag output driver enable signals (mm^2): 0.000000

Percentage of data ramcells alone of total area: 11.722687 %
Percentage of tag ramcells alone of total area: 0.000000 %
Percentage of total control/routing alone of total area: 88.277313 %

Subbank Efficiency : 1172.268704
Total Efficiency : 12.081427

Total area One bank (mm^2): 0.472057
Total area subbanked (mm^2): 0.458040

Time Components:
 data side (with Output driver) (ns): 1.77274
 address routing delay (ns): 0
 tag_comparison (ns): 0.461563
     dyn. energy (nJ): 0.00277809
     leak. power (mW): 0
 wordline and bitline data (ns): 1.18616
  dyn. wordline energy (nJ): 0.000439911
  leak. wordline power (mW): 0.00115268
  dyn. read data bitline energy (nJ): 0.00241696
  dyn. write data bitline energy (nJ): 9.66054e-05
  leak. data bitline power (mW): 1.67519
 sense_amp_data (ns): 0.072625
     dyn. energy (nJ): 0.000641928
     leak. power (mW): 8.18926
 data output driver (ns): 0.0523938
	   dyn. read energy (nJ): 0.000723503
	   leak. read power (mW): 0.308776
 total_out_driver (ns): 0
	 dyn. read energy (nJ): 0
	 leak. read power (mW): 0
 total data path (without output driver) (ns): 1.72035

Cache bank distributions and energy per access (1 banks)
	bank ctrl       0%      0.000pJ
	decode        5.9%      2.778pJ
	tag  array      0%      0.000pJ
	data array     91%      2.857pJ
	tag  ctrl       0%      0.000pJ
	data ctrl     2.9%      1.365pJ
	total                   7.000pJ

Window [512 bytes] assoc[4] banks[1] ports[8] Energy[1.62887]



########################################################
Input to Cacti_Interface...
 size = 256, bsize = 64, assoc = 4, rports = 2, wports = 2
 subBanks = 1, tech = 0.070000, bits = 37
########### Printing input for params for testing...###
 C = 256, B = 64, A = 4
 RWP = 0, ERP = 2, EWP = 2, NSER = 0
 banks = 1, tech = 0.070000, bits_output = 37, fast_access = 0, pure_sram = 1
 force_tag = 0, force_tag_size = 0
 #################

##### Printing parameters for testing...#####

***** Cache Parameters:
  Cache Size: 256
  Number of sets per bank: 1
  Associativity: fully associative
  tag_associativity: 4
  data_associativity: 4
  Block Size (bytes): 64
  Read/Write Ports: 0
  Read Ports: 2
  Write Ports: 2
  num_single_ended_read_ports: 0
  NSubbanks: 1
  fully_assoc: 1
  fudgefactor: 11.4V
  Technology Size: 0.07um
  Vdd: 0.9V
  sequential_access: 0V
  fast_access: 0
  force_tag: 0
  tag_size: 515396076
  nr_bits_out: 37
  pure_sram: 1
  **************************

---------- CACTI version 4.1 ----------

Cache Parameters:
  Number of banks: 1
  Total Cache Size: 256
  Size in bytes of a bank: 256
  Number of sets per bank: 1
  Associativity: fully associative
  Block Size (bytes): 64
  Read/Write Ports: 0
  Read Ports: 2
  Write Ports: 2
  Technology Size: 0.07um
  Vdd: 0.9V

Access Time (ns): 1.03835
Cycle Time (ns):  0.52439
Total dynamic Read Power at max. freq. (W): 0.0218409
Total leakage Read/Write Power all Banks (mW): 10.482
Total dynamic Read Energy all Banks (nJ): 0.0114532
Total dynamic Write Energy all Banks (nJ): 0.0061951
Total dynamic Read Energy Without Routing (nJ): 0.0114532
Total dynamic Write Energy Without Routing (nJ): 0.0061951
Total dynamic Routing Energy (nJ): 0
Total leakage Read/Write Power Without Routing (mW): 10.482
Total leakage Read/Write Routing Power (mW): 0

Best Ndwl (L1): 1
Best Ndbl (L1): 1
Best Nspd (L1): 1.000000
Best Ntwl (L1): 1
Best Ntbl (L1): 1
Best Ntspd (L1): 1

Area Components:

Aspect Ratio Total height/width: 7.685531

Data array (mm^2): 0.254696
Data predecode (mm^2): 0.001166
Data colmux predecode (mm^2): 0.000000
Data colmux post decode (mm^2): 0.000000
Data write signal (mm^2): 0.000000

Tag array (mm^2): 0.000000
Tag predecode (mm^2): 0.000000
Tag colmux predecode (mm^2): 0.000000
Tag colmux post decode (mm^2): 0.000000
Tag output driver decode (mm^2): 0.010484
Tag output driver enable signals (mm^2): 0.000000

Percentage of data ramcells alone of total area: 12.223173 %
Percentage of tag ramcells alone of total area: 0.000000 %
Percentage of total control/routing alone of total area: 87.776827 %

Subbank Efficiency : 1222.317326
Total Efficiency : 12.782259

Total area One bank (mm^2): 0.266345
Total area subbanked (mm^2): 0.254696

Time Components:
 data side (with Output driver) (ns): 1.03835
 address routing delay (ns): 0
 tag_comparison (ns): 0.461563
     dyn. energy (nJ): 0.00277809
     leak. power (mW): 0
 wordline and bitline data (ns): 0.451765
  dyn. wordline energy (nJ): 0.000222693
  leak. wordline power (mW): 0.000688413
  dyn. read data bitline energy (nJ): 0.00136037
  dyn. write data bitline energy (nJ): 9.67664e-05
  leak. data bitline power (mW): 0.837597
 sense_amp_data (ns): 0.072625
     dyn. energy (nJ): 0.000641928
     leak. power (mW): 4.09463
 data output driver (ns): 0.0523938
	   dyn. read energy (nJ): 0.000723503
	   leak. read power (mW): 0.308776
 total_out_driver (ns): 0
	 dyn. read energy (nJ): 0
	 leak. read power (mW): 0
 total data path (without output driver) (ns): 0.985953

Cache bank distributions and energy per access (1 banks)
	bank ctrl       0%      0.000pJ
	decode         10%      2.778pJ
	tag  array      0%      0.000pJ
	data array     85%      1.583pJ
	tag  ctrl       0%      0.000pJ
	data ctrl     4.9%      1.365pJ
	total                   5.727pJ

Window [256 bytes] assoc[4] banks[1] ports[8] Energy[1.33248]
Module [FXDTLB]...



########################################################
Input to Cacti_Interface...
 size = 512, bsize = 8, assoc = 4, rports = 2, wports = 0
 subBanks = 1, tech = 0.070000, bits = 32
########### Printing input for params for testing...###
 C = 512, B = 8, A = 4
 RWP = 0, ERP = 2, EWP = 0, NSER = 0
 banks = 1, tech = 0.070000, bits_output = 32, fast_access = 0, pure_sram = 1
 force_tag = 0, force_tag_size = 0
 #################

##### Printing parameters for testing...#####

***** Cache Parameters:
  Cache Size: 512
  Number of sets per bank: 16
  Associativity: 4
  tag_associativity: 4
  data_associativity: 4
  Block Size (bytes): 8
  Read/Write Ports: 0
  Read Ports: 2
  Write Ports: 0
  num_single_ended_read_ports: 0
  NSubbanks: 1
  fully_assoc: 0
  fudgefactor: 11.4V
  Technology Size: 0.07um
  Vdd: 0.9V
  sequential_access: 0V
  fast_access: 0
  force_tag: 0
  tag_size: 515396076
  nr_bits_out: 32
  pure_sram: 1
  **************************

---------- CACTI version 4.1 ----------

Cache Parameters:
  Number of banks: 1
  Total Cache Size: 512
  Size in bytes of a bank: 512
  Number of sets per bank: 16
  Associativity: 4
  Block Size (bytes): 8
  Read/Write Ports: 0
  Read Ports: 2
  Write Ports: 0
  Technology Size: 0.07um
  Vdd: 0.9V

Access Time (ns): 0.533718
Cycle Time (ns):  0.238028
Total dynamic Read Power at max. freq. (W): 0.015319
Total leakage Read/Write Power all Banks (mW): 4.54913
Total dynamic Read Energy all Banks (nJ): 0.00364635
Total dynamic Write Energy all Banks (nJ): 0
Total dynamic Read Energy Without Routing (nJ): 0.00364635
Total dynamic Write Energy Without Routing (nJ): 0
Total dynamic Routing Energy (nJ): 0
Total leakage Read/Write Power Without Routing (mW): 4.54913
Total leakage Read/Write Routing Power (mW): 0

Best Ndwl (L1): 1
Best Ndbl (L1): 4
Best Nspd (L1): 0.500000
Best Ntwl (L1): 2
Best Ntbl (L1): 2
Best Ntspd (L1): 1

Area Components:

Aspect Ratio Total height/width: 1.785212

Data array (mm^2): 0.041460
Data predecode (mm^2): 0.000583
Data colmux predecode (mm^2): 0.000583
Data colmux post decode (mm^2): 0.000020
Data write signal (mm^2): 0.000414

Tag array (mm^2): 0.000000
Tag predecode (mm^2): 0.000000
Tag colmux predecode (mm^2): 0.000000
Tag colmux post decode (mm^2): 0.000000
Tag output driver decode (mm^2): 0.000000
Tag output driver enable signals (mm^2): 0.000000

Percentage of data ramcells alone of total area: 15.198774 %
Percentage of tag ramcells alone of total area: 0.000000 %
Percentage of total control/routing alone of total area: 84.801226 %

Subbank Efficiency : 1519.877375
Total Efficiency : 15.633446

Total area One bank (mm^2): 0.042646
Total area subbanked (mm^2): 0.041460

Time Components:
 data side (with Output driver) (ns): 0.390052
 tag side (with Output driver) (ns): 0.459872
 address routing delay (ns): 0
 decode_data (ns): 0.0877163
     dyn. energy (nJ): 5.38933e-05
     leak. power (mW): 0.00969132
 wordline and bitline data (ns): 0.165403
  dyn. wordline energy (nJ): 7.98976e-05
  leak. wordline power (mW): 0.00167904
  dyn. read data bitline energy (nJ): 0.000857108
  dyn. write data bitline energy (nJ): 0.000106698
  leak. data bitline power (mW): 1.67519
 sense_amp_data (ns): 0.072625
     dyn. energy (nJ): 0.000242421
     leak. power (mW): 0.511829
 decode_tag (ns): 0.0982663
     dyn. energy (nJ): 0.000361482
     leak. power (mW): 0.0589205
 wordline and bitline tag (ns): 0.113299
  dyn. wordline energy (nJ): 5.77371e-05
  leak. wordline power (mW): 0.00116196
  dyn. read data bitline energy (nJ): 0.000312088
  dyn. write data bitline energy (nJ): 0.000183111
  leak. data bitline power (mW): 1.047
 sense_amp_tag (ns): 0.044625
  dyn. read energy (nJ): 0.000133425
  leak. read power (mW): 0.36021
 compare (ns): 0.115772
  dyn. read energy (nJ): 0.00048769
  leak. read power (mW): 0.0025156
 mux driver (ns): 0.0738464
  dyn. read energy (nJ): 0.000467877
  leak. read power (mW): 0.00879122
 sel inverter (ns): 0.0236015
  dyn. read energy (nJ): 1.09231e-06
  leak. read power (mW): 0
 data output driver (ns): 0.0643079
	   dyn. read energy (nJ): 0.000589856
	   leak. read power (mW): 0.0875441
 total_out_driver (ns): 0
	 dyn. read energy (nJ): 0
	 leak. read power (mW): 0
 total data path (without output driver) (ns): 0.325744
 total tag path is set assoc (ns): 0.469411

Cache bank distributions and energy per access (1 banks)
	bank ctrl       0%      0.000pJ
	decode        2.5%      0.415pJ
	tag  array    2.2%      0.370pJ
	data array     84%      0.937pJ
	tag  ctrl     6.5%      1.090pJ
	data ctrl       5%      0.832pJ
	total                   3.645pJ
Module [DMemory]...



########################################################
Input to Cacti_Interface...
 size = 32768, bsize = 32, assoc = 4, rports = 2, wports = 0
 subBanks = 4, tech = 0.070000, bits = 32
########### Printing input for params for testing...###
 C = 8192, B = 32, A = 4
 RWP = 0, ERP = 2, EWP = 0, NSER = 0
 banks = 4, tech = 0.070000, bits_output = 32, fast_access = 0, pure_sram = 1
 force_tag = 0, force_tag_size = 0
 #################

##### Printing parameters for testing...#####

***** Cache Parameters:
  Cache Size: 8192
  Number of sets per bank: 64
  Associativity: 4
  tag_associativity: 4
  data_associativity: 4
  Block Size (bytes): 32
  Read/Write Ports: 1
  Read Ports: 0
  Write Ports: 0
  num_single_ended_read_ports: 0
  NSubbanks: 4
  fully_assoc: 0
  fudgefactor: 11.4V
  Technology Size: 0.07um
  Vdd: 0.9V
  sequential_access: 0V
  fast_access: 0
  force_tag: 0
  tag_size: 515396076
  nr_bits_out: 32
  pure_sram: 1
  **************************

---------- CACTI version 4.1 ----------

Cache Parameters:
  Number of banks: 4
  Total Cache Size: 8192
  Size in bytes of a bank: 2048
  Number of sets per bank: 64
  Associativity: 4
  Block Size (bytes): 32
  Read/Write Ports: 1
  Read Ports: 0
  Write Ports: 0
  Technology Size: 0.07um
  Vdd: 0.9V

Access Time (ns): 0.673513
Cycle Time (ns):  0.351111
Total dynamic Read Power at max. freq. (W): 0.145801
Total leakage Read/Write Power all Banks (mW): 115.929
Total dynamic Read Energy all Banks (nJ): 0.0511923
Total dynamic Write Energy all Banks (nJ): 0.0194284
Total dynamic Read Energy Without Routing (nJ): 0.0351806
Total dynamic Write Energy Without Routing (nJ): 0.00341672
Total dynamic Routing Energy (nJ): 0.0160117
Total leakage Read/Write Power Without Routing (mW): 115.929
Total leakage Read/Write Routing Power (mW): 0

Best Ndwl (L1): 1
Best Ndbl (L1): 4
Best Nspd (L1): 0.500000
Best Ntwl (L1): 8
Best Ntbl (L1): 1
Best Ntspd (L1): 8

Area Components:

Aspect Ratio Total height/width: 3.666536

Data array (mm^2): 0.088168
Data predecode (mm^2): 0.000581
Data colmux predecode (mm^2): 0.000291
Data colmux post decode (mm^2): 0.000010
Data write signal (mm^2): 0.001554

Tag array (mm^2): 0.000000
Tag predecode (mm^2): 0.000000
Tag colmux predecode (mm^2): 0.000000
Tag colmux post decode (mm^2): 0.000000
Tag output driver decode (mm^2): 0.000000
Tag output driver enable signals (mm^2): 0.000000

Percentage of data ramcells alone of total area: 45.104858 %
Percentage of tag ramcells alone of total area: 0.000000 %
Percentage of total control/routing alone of total area: 54.895142 %

Subbank Efficiency : 4510.485827
Total Efficiency : 41.292688

Total area One bank (mm^2): 0.090605
Total area subbanked (mm^2): 0.395881

Time Components:
 data side (with Output driver) (ns): 0.548355
 tag side (with Output driver) (ns): 0.516207
 address routing delay (ns): 0.00252207
 decode_data (ns): 0.100141
     dyn. energy (nJ): 0.000274924
     leak. power (mW): 0.0529376
 wordline and bitline data (ns): 0.278486
  dyn. wordline energy (nJ): 0.00030696
  leak. wordline power (mW): 0.00522368
  dyn. read data bitline energy (nJ): 0.00689051
  dyn. write data bitline energy (nJ): 0.000272296
  leak. data bitline power (mW): 26.8031
 sense_amp_data (ns): 0.072625
     dyn. energy (nJ): 0.0003641
     leak. power (mW): 2.04732
 decode_tag (ns): 0.112645
     dyn. energy (nJ): 0.000363319
     leak. power (mW): 0.203428
 wordline and bitline tag (ns): 0.128719
  dyn. wordline energy (nJ): 4.96786e-05
  leak. wordline power (mW): 0.0036063
  dyn. read data bitline energy (nJ): 0.000289485
  dyn. write data bitline energy (nJ): 0.000313832
  leak. data bitline power (mW): 3.66449
 sense_amp_tag (ns): 0.044625
  dyn. read energy (nJ): 0.000116747
  leak. read power (mW): 0.773787
 compare (ns): 0.11249
  dyn. read energy (nJ): 0.000491967
  leak. read power (mW): 0.00505327
 mux driver (ns): 0.131004
  dyn. read energy (nJ): 0.00102383
  leak. read power (mW): 0.0193022
 sel inverter (ns): 0.0206259
  dyn. read energy (nJ): 1.79459e-06
  leak. read power (mW): 0
 data output driver (ns): 0.0697438
	   dyn. read energy (nJ): 0.000958659
	   leak. read power (mW): 0.131873
 total_out_driver (ns): 0.0248363
	 dyn. read energy (nJ): 0.0049926
	 leak. read power (mW): 1.82803
 total data path (without output driver) (ns): 0.453775
 total tag path is set assoc (ns): 0.552631

Cache bank distributions and energy per access (4 banks)
	bank ctrl       0%      0.000pJ
	decode       0.61%      0.638pJ
	tag  array   0.29%      0.339pJ
	data array     92%      7.197pJ
	tag  ctrl     1.4%      1.634pJ
	data ctrl     5.4%      6.315pJ
	total                  16.125pJ
Module [IMemory]...



########################################################
Input to Cacti_Interface...
 size = 32768, bsize = 32, assoc = 2, rports = 2, wports = 0
 subBanks = 2, tech = 0.070000, bits = 32
########### Printing input for params for testing...###
 C = 16384, B = 32, A = 2
 RWP = 0, ERP = 2, EWP = 0, NSER = 0
 banks = 2, tech = 0.070000, bits_output = 32, fast_access = 0, pure_sram = 1
 force_tag = 0, force_tag_size = 0
 #################

##### Printing parameters for testing...#####

***** Cache Parameters:
  Cache Size: 16384
  Number of sets per bank: 256
  Associativity: 2
  tag_associativity: 2
  data_associativity: 2
  Block Size (bytes): 32
  Read/Write Ports: 1
  Read Ports: 0
  Write Ports: 0
  num_single_ended_read_ports: 0
  NSubbanks: 2
  fully_assoc: 0
  fudgefactor: 11.4V
  Technology Size: 0.07um
  Vdd: 0.9V
  sequential_access: 0V
  fast_access: 0
  force_tag: 0
  tag_size: 515396076
  nr_bits_out: 32
  pure_sram: 1
  **************************

---------- CACTI version 4.1 ----------

Cache Parameters:
  Number of banks: 2
  Total Cache Size: 16384
  Size in bytes of a bank: 8192
  Number of sets per bank: 256
  Associativity: 2
  Block Size (bytes): 32
  Read/Write Ports: 1
  Read Ports: 0
  Write Ports: 0
  Technology Size: 0.07um
  Vdd: 0.9V

Access Time (ns): 0.634002
Cycle Time (ns):  0.386049
Total dynamic Read Power at max. freq. (W): 0.0415047
Total leakage Read/Write Power all Banks (mW): 109.524
Total dynamic Read Energy all Banks (nJ): 0.0160229
Total dynamic Write Energy all Banks (nJ): 0.0020186
Total dynamic Read Energy Without Routing (nJ): 0.0160229
Total dynamic Write Energy Without Routing (nJ): 0.0020186
Total dynamic Routing Energy (nJ): 0
Total leakage Read/Write Power Without Routing (mW): 109.524
Total leakage Read/Write Routing Power (mW): 0

Best Ndwl (L1): 1
Best Ndbl (L1): 4
Best Nspd (L1): 1.000000
Best Ntwl (L1): 1
Best Ntbl (L1): 16
Best Ntspd (L1): 2

Area Components:

Aspect Ratio Total height/width: 5.103497

Data array (mm^2): 0.125328
Data predecode (mm^2): 0.000581
Data colmux predecode (mm^2): 0.000291
Data colmux post decode (mm^2): 0.000021
Data write signal (mm^2): 0.000784

Tag array (mm^2): 0.000000
Tag predecode (mm^2): 0.000000
Tag colmux predecode (mm^2): 0.000000
Tag colmux post decode (mm^2): 0.000000
Tag output driver decode (mm^2): 0.000000
Tag output driver enable signals (mm^2): 0.000000

Percentage of data ramcells alone of total area: 64.355357 %
Percentage of tag ramcells alone of total area: 0.000000 %
Percentage of total control/routing alone of total area: 35.644643 %

Subbank Efficiency : 6435.535677
Total Efficiency : 60.774430

Total area One bank (mm^2): 0.127006
Total area subbanked (mm^2): 0.268978

Time Components:
 data side (with Output driver) (ns): 0.552532
 tag side (with Output driver) (ns): 0.505122
 address routing delay (ns): 0
 decode_data (ns): 0.100535
     dyn. energy (nJ): 0.000339502
     leak. power (mW): 0.0814588
 wordline and bitline data (ns): 0.313424
  dyn. wordline energy (nJ): 0.00015348
  leak. wordline power (mW): 0.00522368
  dyn. read data bitline energy (nJ): 0.00648809
  dyn. write data bitline energy (nJ): 0.000516316
  leak. data bitline power (mW): 53.6062
 sense_amp_data (ns): 0.072625
     dyn. energy (nJ): 0.000173688
     leak. power (mW): 1.02366
 decode_tag (ns): 0.125881
     dyn. energy (nJ): 0.000901476
     leak. power (mW): 0.504492
 wordline and bitline tag (ns): 0.131429
  dyn. wordline energy (nJ): 4.82937e-05
  leak. wordline power (mW): 0.00704786
  dyn. read data bitline energy (nJ): 0.000281717
  dyn. write data bitline energy (nJ): 0.000304592
  leak. data bitline power (mW): 7.11957
 sense_amp_tag (ns): 0.044625
  dyn. read energy (nJ): 5.67058e-05
  leak. read power (mW): 0.271909
 compare (ns): 0.116197
  dyn. read energy (nJ): 0.000279105
  leak. read power (mW): 0.00406749
 mux driver (ns): 0.12888
  dyn. read energy (nJ): 0.000515135
  leak. read power (mW): 0.0185344
 sel inverter (ns): 0.0210433
  dyn. read energy (nJ): 1.69808e-06
  leak. read power (mW): 0
 data output driver (ns): 0.0659479
	   dyn. read energy (nJ): 0.000856673
	   leak. read power (mW): 0.13201
 total_out_driver (ns): 0
	 dyn. read energy (nJ): 0
	 leak. read power (mW): 0
 total data path (without output driver) (ns): 0.486584
 total tag path is set assoc (ns): 0.568054

Cache bank distributions and energy per access (2 banks)
	bank ctrl       0%      0.000pJ
	decode        1.2%      1.241pJ
	tag  array   0.32%      0.330pJ
	data array     97%      6.642pJ
	tag  ctrl    0.83%      0.853pJ
	data ctrl       1%      1.030pJ
	total                  10.096pJ
Module [L2Cache]...



########################################################
Input to Cacti_Interface...
 size = 4194304, bsize = 32, assoc = 8, rports = 2, wports = 0
 subBanks = 8, tech = 0.070000, bits = 32
########### Printing input for params for testing...###
 C = 524288, B = 32, A = 8
 RWP = 0, ERP = 2, EWP = 0, NSER = 0
 banks = 8, tech = 0.070000, bits_output = 32, fast_access = 0, pure_sram = 1
 force_tag = 0, force_tag_size = 0
 #################

##### Printing parameters for testing...#####

***** Cache Parameters:
  Cache Size: 524288
  Number of sets per bank: 2048
  Associativity: 8
  tag_associativity: 8
  data_associativity: 8
  Block Size (bytes): 32
  Read/Write Ports: 1
  Read Ports: 0
  Write Ports: 0
  num_single_ended_read_ports: 0
  NSubbanks: 8
  fully_assoc: 0
  fudgefactor: 11.4V
  Technology Size: 0.07um
  Vdd: 0.9V
  sequential_access: 0V
  fast_access: 0
  force_tag: 0
  tag_size: 515396076
  nr_bits_out: 32
  pure_sram: 1
  **************************

---------- CACTI version 4.1 ----------

Cache Parameters:
  Number of banks: 8
  Total Cache Size: 524288
  Size in bytes of a bank: 65536
  Number of sets per bank: 2048
  Associativity: 8
  Block Size (bytes): 32
  Read/Write Ports: 1
  Read Ports: 0
  Write Ports: 0
  Technology Size: 0.07um
  Vdd: 0.9V

Access Time (ns): 4.14826
Cycle Time (ns):  0.44434
Total dynamic Read Power at max. freq. (W): 2.14881
Total leakage Read/Write Power all Banks (mW): 13821
Total dynamic Read Energy all Banks (nJ): 0.954802
Total dynamic Write Energy all Banks (nJ): 0.51675
Total dynamic Read Energy Without Routing (nJ): 0.484562
Total dynamic Write Energy Without Routing (nJ): 0.0465091
Total dynamic Routing Energy (nJ): 0.470241
Total leakage Read/Write Power Without Routing (mW): 13821
Total leakage Read/Write Routing Power (mW): 0

Best Ndwl (L1): 8
Best Ndbl (L1): 8
Best Nspd (L1): 2.000000
Best Ntwl (L1): 32
Best Ntbl (L1): 8
Best Ntspd (L1): 4

Area Components:

Aspect Ratio Total height/width: 1.384217

Data array (mm^2): 3.964099
Data predecode (mm^2): 0.001259
Data colmux predecode (mm^2): 0.000581
Data colmux post decode (mm^2): 0.000087
Data write signal (mm^2): 0.007221

Tag array (mm^2): 0.000000
Tag predecode (mm^2): 0.000000
Tag colmux predecode (mm^2): 0.000000
Tag colmux post decode (mm^2): 0.000000
Tag output driver decode (mm^2): 0.000000
Tag output driver enable signals (mm^2): 0.000000

Percentage of data ramcells alone of total area: 63.950102 %
Percentage of tag ramcells alone of total area: 0.000000 %
Percentage of total control/routing alone of total area: 36.049898 %

Subbank Efficiency : 6395.010206
Total Efficiency : 61.633934

Total area One bank (mm^2): 3.973247
Total area subbanked (mm^2): 32.980472

Time Components:
 data side (with Output driver) (ns): 2.12411
 tag side (with Output driver) (ns): 1.74715
 address routing delay (ns): 0.166763
 decode_data (ns): 0.535996
     dyn. energy (nJ): 0.00420464
     leak. power (mW): 5.13366
 wordline and bitline data (ns): 0.371715
  dyn. wordline energy (nJ): 0.000613919
  leak. wordline power (mW): 0.0835789
  dyn. read data bitline energy (nJ): 0.0498594
  dyn. write data bitline energy (nJ): 0.000995076
  leak. data bitline power (mW): 1715.4
 sense_amp_data (ns): 0.072625
     dyn. energy (nJ): 0.00086543
     leak. power (mW): 5.90082
 decode_tag (ns): 0.268499
     dyn. energy (nJ): 0.00420014
     leak. power (mW): 13.9379
 wordline and bitline tag (ns): 0.140355
  dyn. wordline energy (nJ): 9.06102e-05
  leak. wordline power (mW): 0.0350809
  dyn. read data bitline energy (nJ): 0.00262729
  dyn. write data bitline energy (nJ): 0.000446329
  leak. data bitline power (mW): 194.322
 sense_amp_tag (ns): 0.044625
  dyn. read energy (nJ): 0.000193467
  leak. read power (mW): 0.916905
 compare (ns): 0.128477
  dyn. read energy (nJ): 0.00111223
  leak. read power (mW): 0.047592
 mux driver (ns): 0.662008
  dyn. read energy (nJ): 0.00408324
  leak. read power (mW): 9.44484
 sel inverter (ns): 0.0214174
  dyn. read energy (nJ): 2.19062e-06
  leak. read power (mW): 0
 data output driver (ns): 0.255246
	   dyn. read energy (nJ): 0.00502684
	   leak. read power (mW): 6.33225
 total_out_driver (ns): 0.721766
	 dyn. read energy (nJ): 0.0568045
	 leak. read power (mW): 3.65607
 total data path (without output driver) (ns): 1.1471
 total tag path is set assoc (ns): 1.43215

Cache bank distributions and energy per access (8 banks)
	bank ctrl       0%      0.000pJ
	decode          1%      8.405pJ
	tag  array   0.32%      2.718pJ
	data array     91%     50.473pJ
	tag  ctrl    0.64%      5.391pJ
	data ctrl     7.5%     62.697pJ
	total                 129.684pJ
Module [FXITLB]...



########################################################
Input to Cacti_Interface...
 size = 512, bsize = 8, assoc = 4, rports = 2, wports = 0
 subBanks = 1, tech = 0.070000, bits = 32
########### Printing input for params for testing...###
 C = 512, B = 8, A = 4
 RWP = 0, ERP = 2, EWP = 0, NSER = 0
 banks = 1, tech = 0.070000, bits_output = 32, fast_access = 0, pure_sram = 1
 force_tag = 0, force_tag_size = 0
 #################

##### Printing parameters for testing...#####

***** Cache Parameters:
  Cache Size: 512
  Number of sets per bank: 16
  Associativity: 4
  tag_associativity: 4
  data_associativity: 4
  Block Size (bytes): 8
  Read/Write Ports: 0
  Read Ports: 2
  Write Ports: 0
  num_single_ended_read_ports: 0
  NSubbanks: 1
  fully_assoc: 0
  fudgefactor: 11.4V
  Technology Size: 0.07um
  Vdd: 0.9V
  sequential_access: 0V
  fast_access: 0
  force_tag: 0
  tag_size: 515396076
  nr_bits_out: 32
  pure_sram: 1
  **************************

---------- CACTI version 4.1 ----------

Cache Parameters:
  Number of banks: 1
  Total Cache Size: 512
  Size in bytes of a bank: 512
  Number of sets per bank: 16
  Associativity: 4
  Block Size (bytes): 8
  Read/Write Ports: 0
  Read Ports: 2
  Write Ports: 0
  Technology Size: 0.07um
  Vdd: 0.9V

Access Time (ns): 0.533718
Cycle Time (ns):  0.238028
Total dynamic Read Power at max. freq. (W): 0.015319
Total leakage Read/Write Power all Banks (mW): 4.54913
Total dynamic Read Energy all Banks (nJ): 0.00364635
Total dynamic Write Energy all Banks (nJ): 0
Total dynamic Read Energy Without Routing (nJ): 0.00364635
Total dynamic Write Energy Without Routing (nJ): 0
Total dynamic Routing Energy (nJ): 0
Total leakage Read/Write Power Without Routing (mW): 4.54913
Total leakage Read/Write Routing Power (mW): 0

Best Ndwl (L1): 1
Best Ndbl (L1): 4
Best Nspd (L1): 0.500000
Best Ntwl (L1): 2
Best Ntbl (L1): 2
Best Ntspd (L1): 1

Area Components:

Aspect Ratio Total height/width: 1.785212

Data array (mm^2): 0.041460
Data predecode (mm^2): 0.000583
Data colmux predecode (mm^2): 0.000583
Data colmux post decode (mm^2): 0.000020
Data write signal (mm^2): 0.000414

Tag array (mm^2): 0.000000
Tag predecode (mm^2): 0.000000
Tag colmux predecode (mm^2): 0.000000
Tag colmux post decode (mm^2): 0.000000
Tag output driver decode (mm^2): 0.000000
Tag output driver enable signals (mm^2): 0.000000

Percentage of data ramcells alone of total area: 15.198774 %
Percentage of tag ramcells alone of total area: 0.000000 %
Percentage of total control/routing alone of total area: 84.801226 %

Subbank Efficiency : 1519.877375
Total Efficiency : 15.633446

Total area One bank (mm^2): 0.042646
Total area subbanked (mm^2): 0.041460

Time Components:
 data side (with Output driver) (ns): 0.390052
 tag side (with Output driver) (ns): 0.459872
 address routing delay (ns): 0
 decode_data (ns): 0.0877163
     dyn. energy (nJ): 5.38933e-05
     leak. power (mW): 0.00969132
 wordline and bitline data (ns): 0.165403
  dyn. wordline energy (nJ): 7.98976e-05
  leak. wordline power (mW): 0.00167904
  dyn. read data bitline energy (nJ): 0.000857108
  dyn. write data bitline energy (nJ): 0.000106698
  leak. data bitline power (mW): 1.67519
 sense_amp_data (ns): 0.072625
     dyn. energy (nJ): 0.000242421
     leak. power (mW): 0.511829
 decode_tag (ns): 0.0982663
     dyn. energy (nJ): 0.000361482
     leak. power (mW): 0.0589205
 wordline and bitline tag (ns): 0.113299
  dyn. wordline energy (nJ): 5.77371e-05
  leak. wordline power (mW): 0.00116196
  dyn. read data bitline energy (nJ): 0.000312088
  dyn. write data bitline energy (nJ): 0.000183111
  leak. data bitline power (mW): 1.047
 sense_amp_tag (ns): 0.044625
  dyn. read energy (nJ): 0.000133425
  leak. read power (mW): 0.36021
 compare (ns): 0.115772
  dyn. read energy (nJ): 0.00048769
  leak. read power (mW): 0.0025156
 mux driver (ns): 0.0738464
  dyn. read energy (nJ): 0.000467877
  leak. read power (mW): 0.00879122
 sel inverter (ns): 0.0236015
  dyn. read energy (nJ): 1.09231e-06
  leak. read power (mW): 0
 data output driver (ns): 0.0643079
	   dyn. read energy (nJ): 0.000589856
	   leak. read power (mW): 0.0875441
 total_out_driver (ns): 0
	 dyn. read energy (nJ): 0
	 leak. read power (mW): 0
 total data path (without output driver) (ns): 0.325744
 total tag path is set assoc (ns): 0.469411

Cache bank distributions and energy per access (1 banks)
	bank ctrl       0%      0.000pJ
	decode        2.5%      0.415pJ
	tag  array    2.2%      0.370pJ
	data array     84%      0.937pJ
	tag  ctrl     6.5%      1.090pJ
	data ctrl       5%      0.832pJ
	total                   3.645pJ
