++++++++++++++BEGIN CACTI
technology = [techParam]
tech :        70nm
Module [DMemory]...



########################################################
Input to Cacti_Interface...
 size = 32768, bsize = 32, assoc = 4, rports = 2, wports = 0
 subBanks = 4, tech = 0.070000, bits = 32
########### Printing input for params for testing...###
 C = 8192, B = 32, A = 4
 RWP = 0, ERP = 2, EWP = 0, NSER = 0
 banks = 4, tech = 0.070000, bits_output = 32, fast_access = 0, pure_sram = 1
 force_tag = 0, force_tag_size = 0
 #################

##### Printing parameters for testing...#####

***** Cache Parameters:
  Cache Size: 8192
  Number of sets per bank: 64
  Associativity: 4
  tag_associativity: 4
  data_associativity: 4
  Block Size (bytes): 32
  Read/Write Ports: 1
  Read Ports: 0
  Write Ports: 0
  num_single_ended_read_ports: 0
  NSubbanks: 4
  fully_assoc: 0
  fudgefactor: 11.4V
  Technology Size: 0.07um
  Vdd: 0.9V
  sequential_access: 0V
  fast_access: 0
  force_tag: 0
  tag_size: 0
  nr_bits_out: 32
  pure_sram: 1
  **************************

---------- CACTI version 4.1 ----------

Cache Parameters:
  Number of banks: 4
  Total Cache Size: 8192
  Size in bytes of a bank: 2048
  Number of sets per bank: 64
  Associativity: 4
  Block Size (bytes): 32
  Read/Write Ports: 1
  Read Ports: 0
  Write Ports: 0
  Technology Size: 0.07um
  Vdd: 0.9V

Access Time (ns): 0.673099
Cycle Time (ns):  0.351111
Total dynamic Read Power at max. freq. (W): 0.145801
Total leakage Read/Write Power all Banks (mW): 115.929
Total dynamic Read Energy all Banks (nJ): 0.0511923
Total dynamic Write Energy all Banks (nJ): 0.0194284
Total dynamic Read Energy Without Routing (nJ): 0.0351806
Total dynamic Write Energy Without Routing (nJ): 0.00341672
Total dynamic Routing Energy (nJ): 0.0160117
Total leakage Read/Write Power Without Routing (mW): 115.929
Total leakage Read/Write Routing Power (mW): 0

Best Ndwl (L1): 1
Best Ndbl (L1): 4
Best Nspd (L1): 0.500000
Best Ntwl (L1): 1
Best Ntbl (L1): 8
Best Ntspd (L1): 1

Area Components:

Aspect Ratio Total height/width: 3.666536

Data array (mm^2): 0.088168
Data predecode (mm^2): 0.000581
Data colmux predecode (mm^2): 0.000291
Data colmux post decode (mm^2): 0.000010
Data write signal (mm^2): 0.001554

Tag array (mm^2): 0.000000
Tag predecode (mm^2): 0.000000
Tag colmux predecode (mm^2): 0.000000
Tag colmux post decode (mm^2): 0.000000
Tag output driver decode (mm^2): 0.000000
Tag output driver enable signals (mm^2): 0.000000

Percentage of data ramcells alone of total area: 45.104858 %
Percentage of tag ramcells alone of total area: 0.000000 %
Percentage of total control/routing alone of total area: 54.895142 %

Subbank Efficiency : 4510.485827
Total Efficiency : 41.292688

Total area One bank (mm^2): 0.090605
Total area subbanked (mm^2): 0.395881

Time Components:
 data side (with Output driver) (ns): 0.548355
 tag side (with Output driver) (ns): 0.515795
 address routing delay (ns): 0.00252188
 decode_data (ns): 0.100141
     dyn. energy (nJ): 0.000274924
     leak. power (mW): 0.0529376
 wordline and bitline data (ns): 0.278486
  dyn. wordline energy (nJ): 0.00030696
  leak. wordline power (mW): 0.00522368
  dyn. read data bitline energy (nJ): 0.00689051
  dyn. write data bitline energy (nJ): 0.000272296
  leak. data bitline power (mW): 26.8031
 sense_amp_data (ns): 0.072625
     dyn. energy (nJ): 0.0003641
     leak. power (mW): 2.04732
 decode_tag (ns): 0.112853
     dyn. energy (nJ): 0.000348512
     leak. power (mW): 0.194634
 wordline and bitline tag (ns): 0.1281
  dyn. wordline energy (nJ): 4.82937e-05
  leak. wordline power (mW): 0.00352393
  dyn. read data bitline energy (nJ): 0.000281271
  dyn. write data bitline energy (nJ): 0.000304871
  leak. data bitline power (mW): 3.55979
 sense_amp_tag (ns): 0.044625
  dyn. read energy (nJ): 0.000113412
  leak. read power (mW): 0.271909
 compare (ns): 0.11249
  dyn. read energy (nJ): 0.000491967
  leak. read power (mW): 0.00505327
 mux driver (ns): 0.131004
  dyn. read energy (nJ): 0.00102383
  leak. read power (mW): 0.0193022
 sel inverter (ns): 0.0206259
  dyn. read energy (nJ): 1.79459e-06
  leak. read power (mW): 0
 data wattch2cacti Factor 100.554
proc = [issueX]
output driver (ns): 0.0697438
	   dyn. read energy (nJ): 0.000958659
	   leak. read power (mW): 0.131873
 total_out_driver (ns): 0.0248363
	 dyn. read energy (nJ): 0.0049926
	 leak. read power (mW): 1.82803
 total data path (without output driver) (ns): 0.453775
 total tag path is set assoc (ns): 0.552219

Cache bank distributions and energy per access (4 banks)
	bank ctrl       0%      0.000pJ
	decode       0.61%      0.623pJ
	tag  array   0.28%      0.330pJ
	data array     92%      7.197pJ
	tag  ctrl     1.4%      1.631pJ
	data ctrl     5.4%      6.315pJ
	total                  16.097pJ



########################################################
Input to Cacti_Interface...
 size = 512, bsize = 8, assoc = 1, rports = 1, wports = 0
 subBanks = 1, tech = 0.070000, bits = 8
########### Printing input for params for testing...###
 C = 512, B = 8, A = 1
 RWP = 0, ERP = 1, EWP = 0, NSER = 0
 banks = 1, tech = 0.070000, bits_output = 8, fast_access = 0, pure_sram = 0
 force_tag = 0, force_tag_size = 0
 #################

##### Printing parameters for testing...#####

***** Cache Parameters:
  Cache Size: 512
  Number of sets per bank: 64
  Associativity: direct mapped
  tag_associativity: 1
  data_associativity: 1
  Block Size (bytes): 8
  Read/Write Ports: 1
  Read Ports: 0
  Write Ports: 0
  num_single_ended_read_ports: 0
  NSubbanks: 1
  fully_assoc: 0
  fudgefactor: 11.4V
  Technology Size: 0.07um
  Vdd: 0.9V
  sequential_access: 0V
  fast_access: 0
  force_tag: 0
  tag_size: 851057046
  nr_bits_out: 8
  pure_sram: 0
  **************************

---------- CACTI version 4.1 ----------

Cache Parameters:
  Number of banks: 1
  Total Cache Size: 512
  Size in bytes of a bank: 512
  Number of sets per bank: 64
  Associativity: direct mapped
  Block Size (bytes): 8
  Read/Write Ports: 1
  Read Ports: 0
  Write Ports: 0
  Technology Size: 0.07um
  Vdd: 0.9V

Access Time (ns): 0.427908
Cycle Time (ns):  0.259604
Total dynamic Read Power at max. freq. (W): 0.00349368
Total leakage Read/Write Power all Banks (mW): 2.9911
Total dynamic Read Energy all Banks (nJ): 0.000906972
Total dynamic Write Energy all Banks (nJ): 0.000434114
Total dynamic Read Energy Without Routing (nJ): 0.000906972
Total dynamic Write Energy Without Routing (nJ): 0.000434114
Total dynamic Routing Energy (nJ): 0
Total leakage Read/Write Power Without Routing (mW): 2.9911
Total leakage Read/Write Routing Power (mW): 0

Best Ndwl (L1): 1
Best Ndbl (L1): 4
Best Nspd (L1): 1.000000
Best Ntwl (L1): 1
Best Ntbl (L1): 8
Best Ntspd (L1): 1

Area Components:

Aspect Ratio Total height/width: 1.851718

Data array (mm^2): 0.008501
Data predecode (mm^2): 0.000581
Data colmux predecode (mm^2): 0.000291
Data colmux post decode (mm^2): 0.000013
Data write signal (mm^2): 0.000057

Tag array (mm^2): 0.006280
Tag predecode (mm^2): 0.000291
Tag colmux predecode (mm^2): 0.000291
Tag colmux post decode (mm^2): 0.000025
Tag output driver decode (mm^2): 0.000403
Tag output driver enable signals (mm^2): 0.000057

Percentage of data ramcells alone of total area: 15.212020 %
Percentage of tag ramcells alone of total area: 8.556761 %
Percentage of total control/routing alone of total area: 76.231219 %

Subbank Efficiency : 2376.878091
Total Efficiency : 18.976092

Total area One bank (mm^2): 0.016791
Total area subbanked (mm^2): 0.021032

Time Components:
 data side (with Output driver) (ns): 0.427908
 tag side (with Output driver) (ns): 0.418528
 address routing delay (ns): 0
 decode_data (ns): 0.104409
     dyn. energy (nJ): 5.53574e-05
     leak. power (mW): 0.00944764
 wordline and bitline data (ns): 0.186979
  dyn. wordline energy (nJ): 2.05481e-05
  leak. wordline power (mW): 0.00097944
  dyn. read data bitline energy (nJ): 0.000274886
  dyn. write data bitline energy (nJ): 3.76941e-05
  leak. data bitline power (mW): 1.67519
 sense_amp_data (ns): 0.072625
     dyn. energy (nJ): 1.1813e-05
     leak. power (mW): 0.127957
 decode_tag (ns): 0.129424
     dyn. energy (nJ): 0.000199824
     leak. power (mW): 0.0981379
 wordline and bitline tag (ns): 0.108291
  dyn. wordline energy (nJ): 1.42256e-05
  leak. wordline power (mW): 0.00132976
  dyn. read data bitline energy (nJ): 7.98797e-05
  dyn. write data bitline energy (nJ): 0.000106464
  leak. data bitline power (mW): 0.994646
 sense_amp_tag (ns): 0.044625
  dyn. read energy (nJ): 3.16885e-05
  leak. read power (mW): 0.0759746
 compare (ns): 0.116132
  dyn. read energy (nJ): 0.000110126
  leak. read power (mW): 0.000224023
 valid signal driver (ns): 0.0200547
     dyn. read energy (nJ): 4.60891e-05
    leak. read power (mW): 0
 data output driver (ns): 0.0638955
	   dyn. read energy (nJ): 0.000108624
	   leak. read power (mW): 0.0176371
 total_out_driver (ns): 0
	 dyn. read energy (nJ): 0
	 leak. read power (mW): 0
 total data path (without output driver) (ns): 0.364012
 total tag path is dm (ns): 0.398473

Cache bank distributions and energy per access (1 banks)
	bank ctrl       0%      0.000pJ
	decode        5.2%      0.255pJ
	tag  array     37%      0.094pJ
	data array     51%      0.295pJ
	tag  ctrl     4.6%      0.188pJ
	data ctrl     2.1%      0.120pJ
	total                   0.953pJ



########################################################
Input to Cacti_Interface...
 size = 512, bsize = 8, assoc = 1, rports = 1, wports = 0
 subBanks = 1, tech = 0.070000, bits = 8
########### Printing input for params for testing...###
 C = 512, B = 8, A = 1
 RWP = 0, ERP = 1, EWP = 0, NSER = 0
 banks = 1, tech = 0.070000, bits_output = 8, fast_access = 0, pure_sram = 0
 force_tag = 0, force_tag_size = 0
 #################

##### Printing parameters for testing...#####

***** Cache Parameters:
  Cache Size: 512
  Number of sets per bank: 64
  Associativity: direct mapped
  tag_associativity: 1
  data_associativity: 1
  Block Size (bytes): 8
  Read/Write Ports: 1
  Read Ports: 0
  Write Ports: 0
  num_single_ended_read_ports: 0
  NSubbanks: 1
  fully_assoc: 0
  fudgefactor: 11.4V
  Technology Size: 0.07um
  Vdd: 0.9V
  sequential_access: 0V
  fast_access: 0
  force_tag: 0
  tag_size: 1022466498
  nr_bits_out: 8
  pure_sram: 0
  **************************

---------- CACTI version 4.1 ----------

Cache Parameters:
  Number of banks: 1
  Total Cache Size: 512
  Size in bytes of a bank: 512
  Number of sets per bank: 64
  Associativity: direct mapped
  Block Size (bytes): 8
  Read/Write Ports: 1
  Read Ports: 0
  Write Ports: 0
  Technology Size: 0.07um
  Vdd: 0.9V

Access Time (ns): 0.427908
Cycle Time (ns):  0.259604
Total dynamic Read Power at max. freq. (W): 0.00349368
Total leakage Read/Write Power all Banks (mW): 2.9911
Total dynamic Read Energy all Banks (nJ): 0.000906972
Total dynamic Write Energy all Banks (nJ): 0.000434114
Total dynamic Read Energy Without Routing (nJ): 0.000906972
Total dynamic Write Energy Without Routing (nJ): 0.000434114
Total dynamic Routing Energy (nJ): 0
Total leakage Read/Write Power Without Routing (mW): 2.9911
Total leakage Read/Write Routing Power (mW): 0

Best Ndwl (L1): 1
Best Ndbl (L1): 4
Best Nspd (L1): 1.000000
Best Ntwl (L1): 1
Best Ntbl (L1): 8
Best Ntspd (L1): 1

Area Components:

Aspect Ratio Total height/width: 1.851718

Data array (mm^2): 0.008501
Data predecode (mm^2): 0.000581
Data colmux predecode (mm^2): 0.000291
Data colmux post decode (mm^2): 0.000013
Data write signal (mm^2): 0.000057

Tag array (mm^2): 0.006280
Tag predecode (mm^2): 0.000291
Tag colmux predecode (mm^2): 0.000291
Tag colmux post decode (mm^2): 0.000025
Tag output driver decode (mm^2): 0.000403
Tag output driver enable signals (mm^2): 0.000057

Percentage of data ramcells alone of total area: 15.212020 %
Percentage of tag ramcells alone of total area: 8.556761 %
Percentage of total control/routing alone of total area: 76.231219 %

Subbank Efficiency : 2376.878091
Total Efficiency : 18.976092

Total area One bank (mm^2): 0.016791
Total area subbanked (mm^2): 0.021032

Time Components:
 data side (with Output driver) (ns): 0.427908
 tag side (with Output driver) (ns): 0.418528
 address routing delay (ns): 0
 decode_data (ns): 0.104409
     dyn. energy (nJ): 5.53574e-05
     leak. power (mW): 0.00944764
 wordline and bitline data (ns): 0.186979
  dyn. wordline energy (nJ): 2.05481e-05
  leak. wordline power (mW): 0.00097944
  dyn. read data bitline energy (nJ): 0.000274886
  dyn. write data bitline energy (nJ): 3.76941e-05
  leak. data bitline power (mW): 1.67519
 sense_amp_data (ns): 0.072625
     dyn. energy (nJ): 1.1813e-05
     leak. power (mW): 0.127957
 decode_tag (ns): 0.129424
     dyn. energy (nJ): 0.000199824
     leak. power (mW): 0.0981379
 wordline and bitline tag (ns): 0.108291
  dyn. wordline energy (nJ): 1.42256e-05
  leak. wordline power (mW): 0.00132976
  dyn. read data bitline energy (nJ): 7.98797e-05
  dyn. write data bitline energy (nJ): 0.000106464
  leak. data bitline power (mW): 0.994646
 sense_amp_tag (ns): 0.044625
  dyn. read energy (nJ): 3.16885e-05
  leak. read power (mW): 0.0759746
 compare (ns): 0.116132
  dyn. read energy (nJ): 0.000110126
  leak. read power (mW): 0.000224023
 valid signal driver (ns): 0.0200547
     dyn. read energy (nJ): 4.60891e-05
    leak. read power (mW): 0
 data output driver (ns): 0.0638955
	   dyn. read energy (nJ): 0.000108624
	   leak. read power (mW): 0.0176371
 total_out_driver (ns): 0
	 dyn. read energy (nJ): 0
	 leak. read power (mW): 0
 total data path (without output driver) (ns): 0.364012
 total tag path is dm (ns): 0.398473

Cache bank distributions and energy per access (1 banks)
	bank ctrl       0%      0.000pJ
	decode        5.2%      0.255pJ
	tag  array     37%      0.094pJ
	data array     51%      0.295pJ
	tag  ctrl     4.6%      0.188pJ
	data ctrl     2.1%      0.120pJ
	total                   0.953pJ



########################################################
Input to Cacti_Interface...
 size = 16384, bsize = 8, assoc = 2, rports = 1, wports = 0
 subBanks = 1, tech = 0.070000, bits = 64
########### Printing input for params for testing...###
 C = 16384, B = 8, A = 2
 RWP = 0, ERP = 1, EWP = 0, NSER = 0
 banks = 1, tech = 0.070000, bits_output = 64, fast_access = 0, pure_sram = 1
 force_tag = 0, force_tag_size = 0
 #################

##### Printing parameters for testing...#####

***** Cache Parameters:
  Cache Size: 16384
  Number of sets per bank: 1024
  Associativity: 2
  tag_associativity: 2
  data_associativity: 2
  Block Size (bytes): 8
  Read/Write Ports: 1
  Read Ports: 0
  Write Ports: 0
  num_single_ended_read_ports: 0
  NSubbanks: 1
  fully_assoc: 0
  fudgefactor: 11.4V
  Technology Size: 0.07um
  Vdd: 0.9V
  sequential_access: 0V
  fast_access: 0
  force_tag: 0
  tag_size: 1022466498
  nr_bits_out: 64
  pure_sram: 1
  **************************

---------- CACTI version 4.1 ----------

Cache Parameters:
  Number of banks: 1
  Total Cache Size: 16384
  Size in bytes of a bank: 16384
  Number of sets per bank: 1024
  Associativity: 2
  Block Size (bytes): 8
  Read/Write Ports: 1
  Read Ports: 0
  Write Ports: 0
  Technology Size: 0.07um
  Vdd: 0.9V

Access Time (ns): 0.709334
Cycle Time (ns):  0.282518
Total dynamic Read Power at max. freq. (W): 0.0154019
Total leakage Read/Write Power all Banks (mW): 54.8167
Total dynamic Read Energy all Banks (nJ): 0.0043513
Total dynamic Write Energy all Banks (nJ): 0.00154252
Total dynamic Read Energy Without Routing (nJ): 0.0043513
Total dynamic Write Energy Without Routing (nJ): 0.00154252
Total dynamic Routing Energy (nJ): 0
Total leakage Read/Write Power Without Routing (mW): 54.8167
Total leakage Read/Write Routing Power (mW): 0

Best Ndwl (L1): 1
Best Ndbl (L1): 16
Best Nspd (L1): 1.000000
Best Ntwl (L1): 1
Best Ntbl (L1): 8
Best Ntspd (L1): 2

Area Components:

Aspect Ratio Total height/width: 1.461579

Data array (mm^2): 0.145665
Data predecode (mm^2): 0.000581
Data colmux predecode (mm^2): 0.000581
Data colmux post decode (mm^2): 0.000059
Data write signal (mm^2): 0.000101

Tag array (mm^2): 0.000000
Tag predecode (mm^2): 0.000000
Tag colmux predecode (mm^2): 0.000000
Tag colmux post decode (mm^2): 0.000000
Tag output driver decode (mm^2): 0.000000
Tag output driver enable signals (mm^2): 0.000000

Percentage of data ramcells alone of total area: 55.606751 %
Percentage of tag ramcells alone of total area: 0.000000 %
Percentage of total control/routing alone of total area: 44.393249 %

Subbank Efficiency : 5560.675089
Total Efficiency : 56.111732

Total area One bank (mm^2): 0.146987
Total area subbanked (mm^2): 0.145665

Time Components:
 data side (with Output driver) (ns): 0.51533
 tag side (with Output driver) (ns): 0.582453
 address routing delay (ns): 0
 decode_data (ns): 0.130926
     dyn. energy (nJ): 0.000468248
     leak. power (mW): 0.333719
 wordline and bitline data (ns): 0.209893
  dyn. wordline energy (nJ): 3.99488e-05
  leak. wordline power (mW): 0.00671616
  dyn. read data bitline energy (nJ): 0.00174815
  dyn. write data bitline energy (nJ): 0.00103432
  leak. data bitline power (mW): 53.6062
 sense_amp_data (ns): 0.072625
     dyn. energy (nJ): 0.000200145
     leak. power (mW): 0.255915
 decode_tag (ns): 0.125449
     dyn. energy (nJ): 0.00122803
     leak. power (mW): 0.608714
 wordline and bitline tag (ns): 0.173049
  dyn. wordline energy (nJ): 4.96786e-05
  leak. wordline power (mW): 0.0036063
  dyn. read data bitline energy (nJ): 0.00166667
  dyn. write data bitline energy (nJ): 0.00181545
  leak. data bitline power (mW): 29.3159
 sense_amp_tag (ns): 0.044625
  dyn. read energy (nJ): 5.83736e-05
  leak. read power (mW): 0.279906
 compare (ns): 0.113419
  dyn. read energy (nJ): 0.00026096
  leak. read power (mW): 0.00291842
 mux driver (ns): 0.126881
  dyn. read energy (nJ): 0.000324455
  leak. read power (mW): 0.363228
 sel inverter (ns): 0.0240247
  dyn. read energy (nJ): 8.48299e-07
  leak. read power (mW): 0
 data output driver (ns): 0.101886
	   dyn. read energy (nJ): 0.00189481
	   leak. read power (mW): 0.954611
 total_out_driver (ns): 0
	 dyn. read energy (nJ): 0
	 leak. read power (mW): 0
 total data path (without output driver) (ns): 0.413444
 total tag path is set assoc (ns): 0.607448

Cache bank distributions and energy per access (1 banks)
	bank ctrl       0%      0.000pJ
	decode        5.2%      1.696pJ
	tag  array    5.3%      1.716pJ
	data array     83%      1.788pJ
	tag  ctrl       0%      0.645pJ
	data ctrl     6.5%      2.095pJ
	total                   7.940pJ



########################################################
Input to Cacti_Interface...
 size = 256, bsize = 8, assoc = 1, rports = 1, wports = 0
 subBanks = 1, tech = 0.070000, bits = 64
########### Printing input for params for testing...###
 C = 256, B = 8, A = 1
 RWP = 0, ERP = 1, EWP = 0, NSER = 0
 banks = 1, tech = 0.070000, bits_output = 64, fast_access = 0, pure_sram = 0
 force_tag = 0, force_tag_size = 0
 #################

##### Printing parameters for testing...#####

***** Cache Parameters:
  Cache Size: 256
  Number of sets per bank: 32
  Associativity: direct mapped
  tag_associativity: 1
  data_associativity: 1
  Block Size (bytes): 8
  Read/Write Ports: 1
  Read Ports: 0
  Write Ports: 0
  num_single_ended_read_ports: 0
  NSubbanks: 1
  fully_assoc: 0
  fudgefactor: 11.4V
  Technology Size: 0.07um
  Vdd: 0.9V
  sequential_access: 0V
  fast_access: 0
  force_tag: 0
  tag_size: 1023694607
  nr_bits_out: 64
  pure_sram: 0
  **************************

---------- CACTI version 4.1 ----------

Cache Parameters:
  Number of banks: 1
  Total Cache Size: 256
  Size in bytes of a bank: 256
  Number of sets per bank: 32
  Associativity: direct mapped
  Block Size (bytes): 8
  Read/Write Ports: 1
  Read Ports: 0
  Write Ports: 0
  Technology Size: 0.07um
  Vdd: 0.9V

Access Time (ns): 0.399671
Cycle Time (ns):  0.228902
Total dynamic Read Power at max. freq. (W): 0.00704447
Total leakage Read/Write Power all Banks (mW): 1.71443
Total dynamic Read Energy all Banks (nJ): 0.00161249
Total dynamic Write Energy all Banks (nJ): 0.000492424
Total dynamic Read Energy Without Routing (nJ): 0.00161249
Total dynamic Write Energy Without Routing (nJ): 0.000492424
Total dynamic Routing Energy (nJ): 0
Total leakage Read/Write Power Without Routing (mW): 1.71443
Total leakage Read/Write Routing Power (mW): 0

Best Ndwl (L1): 1
Best Ndbl (L1): 4
Best Nspd (L1): 1.000000
Best Ntwl (L1): 1
Best Ntbl (L1): 4
Best Ntspd (L1): 1

Area Components:

Aspect Ratio Total height/width: 1.275800

Data array (mm^2): 0.007759
Data predecode (mm^2): 0.000291
Data colmux predecode (mm^2): 0.000291
Data colmux post decode (mm^2): 0.000013
Data write signal (mm^2): 0.000004

Tag array (mm^2): 0.002877
Tag predecode (mm^2): 0.000291
Tag colmux predecode (mm^2): 0.000291
Tag colmux post decode (mm^2): 0.000013
Tag output driver decode (mm^2): 0.000366
Tag output driver enable signals (mm^2): 0.000004

Percentage of data ramcells alone of total area: 10.467426 %
Percentage of tag ramcells alone of total area: 5.887927 %
Percentage of total control/routing alone of total area: 83.644646 %

Subbank Efficiency : 1635.535387
Total Efficiency : 15.653525

Total area One bank (mm^2): 0.012201
Total area subbanked (mm^2): 0.012748

Time Components:
 data side (with Output driver) (ns): 0.388058
 tag side (with Output driver) (ns): 0.399671
 address routing delay (ns): 0
 decode_data (ns): 0.0952927
     dyn. energy (nJ): 2.58571e-05
     leak. power (mW): 0.00494311
 wordline and bitline data (ns): 0.156277
  dyn. wordline energy (nJ): 2.05481e-05
  leak. wordline power (mW): 0.00097944
  dyn. read data bitline energy (nJ): 0.000246988
  dyn. write data bitline energy (nJ): 0.000179203
  leak. data bitline power (mW): 0.837597
 sense_amp_data (ns): 0.072625
     dyn. energy (nJ): 9.36963e-05
     leak. power (mW): 0.127957
 decode_tag (ns): 0.110294
     dyn. energy (nJ): 0.000142806
     leak. power (mW): 0.0224842
 wordline and bitline tag (ns): 0.108577
  dyn. wordline energy (nJ): 1.45756e-05
  leak. wordline power (mW): 0.000677541
  dyn. read data bitline energy (nJ): 8.20582e-05
  dyn. write data bitline energy (nJ): 0.000109435
  leak. data bitline power (mW): 0.51041
 sense_amp_tag (ns): 0.044625
  dyn. read energy (nJ): 3.25224e-05
  leak. read power (mW): 0.077974
 compare (ns): 0.116578
  dyn. read energy (nJ): 0.000108485
  leak. read power (mW): 0.000174003
 valid signal driver (ns): 0.0195971
     dyn. read energy (nJ): 4.52424e-05
    leak. read power (mW): 0
 data output driver (ns): 0.0638633
	   dyn. read energy (nJ): 0.000844953
	   leak. read power (mW): 0.137157
 total_out_driver (ns): 0
	 dyn. read energy (nJ): 0
	 leak. read power (mW): 0
 total data path (without output driver) (ns): 0.324194
 total tag path is dm (ns): 0.380074

Cache bank distributions and energy per access (1 banks)
	bank ctrl       0%      0.000pJ
	decode        4.3%      0.169pJ
	tag  array     21%      0.097pJ
	data array     57%      0.268pJ
	tag  ctrl     4.9%      0.186pJ
	data ctrl      13%      0.939pJ
	total                   1.658pJ



########################################################
Input to Cacti_Interface...
 size = 2048, bsize = 8, assoc = 1, rports = 2, wports = 6
 subBanks = 1, tech = 0.070000, bits = 32
########### Printing input for params for testing...###
 C = 2048, B = 8, A = 1
 RWP = 0, ERP = 2, EWP = 6, NSER = 0
 banks = 1, tech = 0.070000, bits_output = 32, fast_access = 0, pure_sram = 0
 force_tag = 0, force_tag_size = 0
 #################

##### Printing parameters for testing...#####

***** Cache Parameters:
  Cache Size: 2048
  Number of sets per bank: 256
  Associativity: direct mapped
  tag_associativity: 1
  data_associativity: 1
  Block Size (bytes): 8
  Read/Write Ports: 0
  Read Ports: 2
  Write Ports: 6
  num_single_ended_read_ports: 0
  NSubbanks: 1
  fully_assoc: 0
  fudgefactor: 11.4V
  Technology Size: 0.07um
  Vdd: 0.9V
  sequential_access: 0V
  fast_access: 0
  force_tag: 0
  tag_size: 871143688
  nr_bits_out: 32
  pure_sram: 0
  **************************

---------- CACTI version 4.1 ----------

Cache Parameters:
  Number of banks: 1
  Total Cache Size: 2048
  Size in bytes of a bank: 2048
  Number of sets per bank: 256
  Associativity: direct mapped
  Block Size (bytes): 8
  Read/Write Ports: 0
  Read Ports: 2
  Write Ports: 6
  Technology Size: 0.07um
  Vdd: 0.9V

Access Time (ns): 0.806024
Cycle Time (ns):  0.537692
Total dynamic Read Power at max. freq. (W): 0.0253984
Total leakage Read/Write Power all Banks (mW): 24.3585
Total dynamic Read Energy all Banks (nJ): 0.0136565
Total dynamic Write Energy all Banks (nJ): 0.0105019
Total dynamic Read Energy Without Routing (nJ): 0.0136565
Total dynamic Write Energy Without Routing (nJ): 0.0105019
Total dynamic Routing Energy (nJ): 0
Total leakage Read/Write Power Without Routing (mW): 24.3585
Total leakage Read/Write Routing Power (mW): 0

Best Ndwl (L1): 1
Best Ndbl (L1): 4
Best Nspd (L1): 4.000000
Best Ntwl (L1): 1
Best Ntbl (L1): 8
Best Ntspd (L1): 2

Area Components:

Aspect Ratio Total height/width: 7.726196

Data array (mm^2): 0.893728
Data predecode (mm^2): 0.004650
Data colmux predecode (mm^2): 0.004650
Data colmux post decode (mm^2): 0.002560
Data write signal (mm^2): 0.000065

Tag array (mm^2): 0.471175
Tag predecode (mm^2): 0.004650
Tag colmux predecode (mm^2): 0.004650
Tag colmux post decode (mm^2): 0.002560
Tag output driver decode (mm^2): 0.009921
Tag output driver enable signals (mm^2): 0.000065

Percentage of data ramcells alone of total area: 18.468004 %
Percentage of tag ramcells alone of total area: 10.388252 %
Percentage of total control/routing alone of total area: 71.143743 %

Subbank Efficiency : 2885.625669
Total Efficiency : 26.306653

Total area One bank (mm^2): 1.398609
Total area subbanked (mm^2): 1.534161

Time Components:
 data side (with Output driver) (ns): 0.806024
 tag side (with Output driver) (ns): 0.462207
 address routing delay (ns): 0
 decode_data (ns): 0.185221
     dyn. energy (nJ): 0.000546493
     leak. power (mW): 0.119732
 wordline and bitline data (ns): 0.465067
  dyn. wordline energy (nJ): 0.000183347
  leak. wordline power (mW): 0.00700202
  dyn. read data bitline energy (nJ): 0.00247727
  dyn. write data bitline energy (nJ): 0.000385616
  leak. data bitline power (mW): 6.70077
 sense_amp_data (ns): 0.072625
     dyn. energy (nJ): 0.000161357
     leak. power (mW): 0.511829
 decode_tag (ns): 0.128939
     dyn. energy (nJ): 0.00150924
     leak. power (mW): 0.818522
 wordline and bitline tag (ns): 0.132251
  dyn. wordline energy (nJ): 2.60861e-05
  leak. wordline power (mW): 0.00214305
  dyn. read data bitline energy (nJ): 0.000314958
  dyn. write data bitline energy (nJ): 0.00036926
  leak. data bitline power (mW): 3.76918
 sense_amp_tag (ns): 0.044625
  dyn. read energy (nJ): 3.00207e-05
  leak. read power (mW): 0.143952
 compare (ns): 0.114301
  dyn. read energy (nJ): 0.000147166
  leak. read power (mW): 0.00164277
 valid signal driver (ns): 0.0420913
     dyn. read energy (nJ): 7.42827e-05
    leak. read power (mW): 0
 data output driver (ns): 0.0831108
	   dyn. read energy (nJ): 0.00143233
	   leak. read power (mW): 0.231223
 total_out_driver (ns): 0
	 dyn. read energy (nJ): 0
	 leak. read power (mW): 0
 total data path (without output driver) (ns): 0.722913
 total tag path is dm (ns): 0.420116

Cache bank distributions and energy per access (1 banks)
	bank ctrl       0%      0.000pJ
	decode        3.1%      2.056pJ
	tag  array     32%      0.341pJ
	data array     61%      2.661pJ
	tag  ctrl     1.2%      0.251pJ
	data ctrl     2.4%      1.594pJ
	total                   6.903pJ

Register [1408 bytes] banks[1] ports[12] Energy[1.37322]



########################################################
Input to Cacti_Interface...
 size = 2048, bsize = 16, assoc = 128, rports = 2, wports = 0
 subBanks = 1, tech = 0.070000, bits = 64
########### Printing input for params for testing...###
 C = 2048, B = 16, A = 16
 RWP = 0, ERP = 2, EWP = 0, NSER = 0
 banks = 1, tech = 0.070000, bits_output = 64, fast_access = 0, pure_sram = 1
 force_tag = 0, force_tag_size = 0
 #################

##### Printing parameters for testing...#####

***** Cache Parameters:
  Cache Size: 2048
  Number of sets per bank: 8
  Associativity: fully associative
  tag_associativity: 16
  data_associativity: 16
  Block Size (bytes): 16
  Read/Write Ports: 0
  Read Ports: 2
  Write Ports: 0
  num_single_ended_read_ports: 0
  NSubbanks: 1
  fully_assoc: 1
  fudgefactor: 11.4V
  Technology Size: 0.07um
  Vdd: 0.9V
  sequential_access: 0V
  fast_access: 0
  force_tag: 0
  tag_size: 1016338325
  nr_bits_out: 64
  pure_sram: 1
  **************************

---------- CACTI version 4.1 ----------

Cache Parameters:
  Number of banks: 1
  Total Cache Size: 2048
  Size in bytes of a bank: 2048
  Number of sets per bank: 8
  Associativity: fully associative
  Block Size (bytes): 16
  Read/Write Ports: 0
  Read Ports: 2
  Write Ports: 0
  Technology Size: 0.07um
  Vdd: 0.9V

Access Time (ns): 0.985407
Cycle Time (ns):  0.236026
Total dynamic Read Power at max. freq. (W): 0.363778
Total leakage Read/Write Power all Banks (mW): 16.0974
Total dynamic Read Energy all Banks (nJ): 0.0858611
Total dynamic Write Energy all Banks (nJ): 0
Total dynamic Read Energy Without Routing (nJ): 0.0858611
Total dynamic Write Energy Without Routing (nJ): 0
Total dynamic Routing Energy (nJ): 0
Total leakage Read/Write Power Without Routing (mW): 16.0974
Total leakage Read/Write Routing Power (mW): 0

Best Ndwl (L1): 1
Best Ndbl (L1): 4
Best Nspd (L1): 1.000000
Best Ntwl (L1): 1
Best Ntbl (L1): 4
Best Ntspd (L1): 1

Area Components:

Aspect Ratio Total height/width: 1.975048

Data array (mm^2): 0.405570
Data predecode (mm^2): 0.002518
Data colmux predecode (mm^2): 0.000000
Data colmux post decode (mm^2): 0.000000
Data write signal (mm^2): 0.000000

Tag array (mm^2): 0.000000
Tag predecode (mm^2): 0.000000
Tag colmux predecode (mm^2): 0.000000
Tag colmux post decode (mm^2): 0.000000
Tag output driver decode (mm^2): 0.001356
Tag output driver enable signals (mm^2): 0.000000

Percentage of data ramcells alone of total area: 61.082339 %
Percentage of tag ramcells alone of total area: 0.000000 %
Percentage of total control/routing alone of total area: 38.917661 %

Subbank Efficiency : 6108.233852
Total Efficiency : 61.665843

Total area One bank (mm^2): 0.409444
Total area subbanked (mm^2): 0.405570

Time Components:
 data side (with Output driver) (ns): 0.985407
 address routing delay (ns): 0
 tag_comparison (ns): 0.612722
     dyn. energy (nJ): 0.0323635
     leak. power (mW): 0
 wordline and bitline data (ns): 0.163401
  dyn. wordline energy (nJ): 4.30602e-05
  leak. wordline power (mW): 0.00213479
  dyn. read data bitline energy (nJ): 0.00114987
  dyn. write data bitline energy (nJ): 0.000674578
  leak. data bitline power (mW): 6.70077
 sense_amp_data (ns): 0.072625
     dyn. energy (nJ): 0.00444145
     leak. power (mW): 4.09463
 data output driver (ns): 0.136659
	   dyn. read energy (nJ): 0.00493266
	   leak. read power (mW): 3.95407
 total_out_driver (ns): 0
	 dyn. read energy (nJ): 0
	 leak. read power (mW): 0
 total data path (without output driver) (ns): 0.848748

Cache bank distributions and energy per access (1 banks)
	bank ctrl       0%      0.000pJ
	decode         54%     32.364pJ
	tag  array      0%      0.000pJ
	data array     30%      1.193pJ
	tag  ctrl       0%      0.000pJ
	data ctrl      16%      9.374pJ
	total                  42.931pJ

Load Queue [1152 bytes] banks[1] ports[4] Energy[8.6337]



########################################################
Input to Cacti_Interface...
 size = 2048, bsize = 32, assoc = 64, rports = 2, wports = 0
 subBanks = 1, tech = 0.070000, bits = 64
########### Printing input for params for testing...###
 C = 2048, B = 32, A = 16
 RWP = 0, ERP = 2, EWP = 0, NSER = 0
 banks = 1, tech = 0.070000, bits_output = 64, fast_access = 0, pure_sram = 1
 force_tag = 0, force_tag_size = 0
 #################

##### Printing parameters for testing...#####

***** Cache Parameters:
  Cache Size: 2048
  Number of sets per bank: 4
  Associativity: fully associative
  tag_associativity: 16
  data_associativity: 16
  Block Size (bytes): 32
  Read/Write Ports: 0
  Read Ports: 2
  Write Ports: 0
  num_single_ended_read_ports: 0
  NSubbanks: 1
  fully_assoc: 1
  fudgefactor: 11.4V
  Technology Size: 0.07um
  Vdd: 0.9V
  sequential_access: 0V
  fast_access: 0
  force_tag: 0
  tag_size: 0
  nr_bits_out: 64
  pure_sram: 1
  **************************

---------- CACTI version 4.1 ----------

Cache Parameters:
  Number of banks: 1
  Total Cache Size: 2048
  Size in bytes of a bank: 2048
  Number of sets per bank: 4
  Associativity: fully associative
  Block Size (bytes): 32
  Read/Write Ports: 0
  Read Ports: 2
  Write Ports: 0
  Technology Size: 0.07um
  Vdd: 0.9V

Access Time (ns): 0.915764
Cycle Time (ns):  0.252602
Total dynamic Read Power at max. freq. (W): 0.258357
Total leakage Read/Write Power all Banks (mW): 24.2867
Total dynamic Read Energy all Banks (nJ): 0.0652615
Total dynamic Write Energy all Banks (nJ): 0
Total dynamic Read Energy Without Routing (nJ): 0.0652615
Total dynamic Write Energy Without Routing (nJ): 0
Total dynamic Routing Energy (nJ): 0
Total leakage Read/Write Power Without Routing (mW): 24.2867
Total leakage Read/Write Routing Power (mW): 0

Best Ndwl (L1): 1
Best Ndbl (L1): 4
Best Nspd (L1): 1.000000
Best Ntwl (L1): 1
Best Ntbl (L1): 4
Best Ntspd (L1): 1

Area Components:

Aspect Ratio Total height/width: 3.632931

Data array (mm^2): 0.363078
Data predecode (mm^2): 0.001163
Data colmux predecode (mm^2): 0.000000
Data colmux post decode (mm^2): 0.000000
Data write signal (mm^2): 0.000000

Tag array (mm^2): 0.000000
Tag predecode (mm^2): 0.000000
Tag colmux predecode (mm^2): 0.000000
Tag colmux post decode (mm^2): 0.000000
Tag output driver decode (mm^2): 0.001398
Tag output driver enable signals (mm^2): 0.000000

Percentage of data ramcells alone of total area: 45.206132 %
Percentage of tag ramcells alone of total area: 0.000000 %
Percentage of total control/routing alone of total area: 54.793868 %

Subbank Efficiency : 4520.613223
Total Efficiency : 45.524999

Total area One bank (mm^2): 0.365639
Total area subbanked (mm^2): 0.363078

Time Components:
 data side (with Output driver) (ns): 0.915764
 address routing delay (ns): 0
 tag_comparison (ns): 0.526503
     dyn. energy (nJ): 0.0218534
     leak. power (mW): 0
 wordline and bitline data (ns): 0.179977
  dyn. wordline energy (nJ): 8.00059e-05
  leak. wordline power (mW): 0.00251782
  dyn. read data bitline energy (nJ): 0.00132322
  dyn. write data bitline energy (nJ): 0.000365764
  leak. data bitline power (mW): 6.70077
 sense_amp_data (ns): 0.072625
     dyn. energy (nJ): 0.00444145
     leak. power (mW): 8.18926
 data output driver (ns): 0.136659
	   dyn. read energy (nJ): 0.00493266
	   leak. read power (mW): 3.95407
 total_out_driver (ns): 0
	 dyn. read energy (nJ): 0
	 leak. read power (mW): 0
 total data path (without output driver) (ns): 0.779105

Cache bank distributions and energy per access (1 banks)
	bank ctrl       0%      0.000pJ
	decode         42%     21.853pJ
	tag  array      0%      0.000pJ
	data array     40%      1.403pJ
	tag  ctrl       0%      0.000pJ
	data ctrl      18%      9.374pJ
	total                  32.631pJ

Store Queue [1792 bytes] banks[1] ports[4] Energy[6.56233]



########################################################
Input to Cacti_Interface...
 size = 512, bsize = 8, assoc = 1, rports = 1, wports = 1
 subBanks = 2, tech = 0.070000, bits = 64
########### Printing input for params for testing...###
 C = 256, B = 8, A = 1
 RWP = 0, ERP = 1, EWP = 1, NSER = 0
 banks = 2, tech = 0.070000, bits_output = 64, fast_access = 0, pure_sram = 0
 force_tag = 0, force_tag_size = 0
 #################

##### Printing parameters for testing...#####

***** Cache Parameters:
  Cache Size: 256
  Number of sets per bank: 32
  Associativity: direct mapped
  tag_associativity: 1
  data_associativity: 1
  Block Size (bytes): 8
  Read/Write Ports: 1
  Read Ports: 0
  Write Ports: 0
  num_single_ended_read_ports: 0
  NSubbanks: 2
  fully_assoc: 0
  fudgefactor: 11.4V
  Technology Size: 0.07um
  Vdd: 0.9V
  sequential_access: 0V
  fast_access: 0
  force_tag: 0
  tag_size: 0
  nr_bits_out: 64
  pure_sram: 0
  **************************

---------- CACTI version 4.1 ----------

Cache Parameters:
  Number of banks: 2
  Total Cache Size: 256
  Size in bytes of a bank: 128
  Number of sets per bank: 32
  Associativity: direct mapped
  Block Size (bytes): 8
  Read/Write Ports: 1
  Read Ports: 0
  Write Ports: 0
  Technology Size: 0.07um
  Vdd: 0.9V

Access Time (ns): 0.399719
Cycle Time (ns):  0.228902
Total dynamic Read Power at max. freq. (W): 0.014021
Total leakage Read/Write Power all Banks (mW): 3.39718
Total dynamic Read Energy all Banks (nJ): 0.00320942
Total dynamic Write Energy all Banks (nJ): 0.000969458
Total dynamic Read Energy Without Routing (nJ): 0.00320942
Total dynamic Write Energy Without Routing (nJ): 0.000969458
Total dynamic Routing Energy (nJ): 0
Total leakage Read/Write Power Without Routing (mW): 3.39718
Total leakage Read/Write Routing Power (mW): 0

Best Ndwl (L1): 1
Best Ndbl (L1): 4
Best Nspd (L1): 1.000000
Best Ntwl (L1): 1
Best Ntbl (L1): 4
Best Ntspd (L1): 1

Area Components:

Aspect Ratio Total height/width: 2.746480

Data array (mm^2): 0.007759
Data predecode (mm^2): 0.000291
Data colmux predecode (mm^2): 0.000291
Data colmux post decode (mm^2): 0.000013
Data write signal (mm^2): 0.000004

Tag array (mm^2): 0.002804
Tag predecode (mm^2): 0.000291
Tag colmux predecode (mm^2): 0.000291
Tag colmux post decode (mm^2): 0.000013
Tag output driver decode (mm^2): 0.000366
Tag output driver enable signals (mm^2): 0.000004

Percentage of data ramcells alone of total area: 10.530828 %
Percentage of tag ramcells alone of total area: 5.923591 %
Percentage of total control/routing alone of total area: 83.545581 %

Subbank Efficiency : 1645.441941
Total Efficiency : 12.148434

Total area One bank (mm^2): 0.012127
Total area subbanked (mm^2): 0.032852

Time Components:
 data side (with Output driver) (ns): 0.388058
 tag side (with Output driver) (ns): 0.399719
 address routing delay (ns): 0
 decode_data (ns): 0.0952927
     dyn. energy (nJ): 2.58571e-05
     leak. power (mW): 0.00494311
 wordline and bitline data (ns): 0.156277
  dyn. wordline energy (nJ): 2.05481e-05
  leak. wordline power (mW): 0.00097944
  dyn. read data bitline energy (nJ): 0.000246988
  dyn. write data bitline energy (nJ): 0.000179203
  leak. data bitline power (mW): 0.837597
 sense_amp_data (ns): 0.072625
     dyn. energy (nJ): 9.36963e-05
     leak. power (mW): 0.127957
 decode_tag (ns): 0.11069
     dyn. energy (nJ): 0.000138268
     leak. power (mW): 0.0217431
 wordline and bitline tag (ns): 0.108268
  dyn. wordline energy (nJ): 1.42256e-05
  leak. wordline power (mW): 0.000664882
  dyn. read data bitline energy (nJ): 7.99992e-05
  dyn. write data bitline energy (nJ): 0.000106627
  leak. data bitline power (mW): 0.497323
 sense_amp_tag (ns): 0.044625
  dyn. read energy (nJ): 3.16885e-05
  leak. read power (mW): 0.0759746
 compare (ns): 0.116578
  dyn. read energy (nJ): 0.000108485
  leak. read power (mW): 0.000174003
 valid signal driver (ns): 0.019558
     dyn. read energy (nJ): 4.5186e-05
    leak. read power (mW): 0
 data output driver (ns): 0.0638633
	   dyn. read energy (nJ): 0.000844953
	   leak. read power (mW): 0.137157
 total_out_driver (ns): 0
	 dyn. read energy (nJ): 0
	 leak. read power (mW): 0
 total data path (without output driver) (ns): 0.324194
 total tag path is dm (ns): 0.380161

Cache bank distributions and energy per access (2 banks)
	bank ctrl       0%      0.000pJ
	decode        4.3%      0.164pJ
	tag  array     21%      0.094pJ
	data array     57%      0.268pJ
	tag  ctrl     4.9%      0.185pJ
	data ctrl      13%      0.939pJ
	total                   1.650pJ

ROB [352 bytes] banks[2] ports[2] Energy[0.16136]
size 32: subBanks 1: assoc 1 : nset 32



########################################################
Input to Cacti_Interface...
 size = 64, bsize = 1, assoc = 1, rports = 2, wports = 6
 subBanks = 1, tech = 0.070000, bits = 1
########### Printing input for params for testing...###
 C = 64, B = 1, A = 1
 RWP = 0, ERP = 2, EWP = 6, NSER = 0
 banks = 1, tech = 0.070000, bits_output = 1, fast_access = 0, pure_sram = 0
 force_tag = 0, force_tag_size = 0
 #################

##### Printing parameters for testing...#####

***** Cache Parameters:
  Cache Size: 64
  Number of sets per bank: 64
  Associativity: direct mapped
  tag_associativity: 1
  data_associativity: 1
  Block Size (bytes): 1
  Read/Write Ports: 0
  Read Ports: 2
  Write Ports: 6
  num_single_ended_read_ports: 0
  NSubbanks: 1
  fully_assoc: 0
  fudgefactor: 11.4V
  Technology Size: 0.07um
  Vdd: 0.9V
  sequential_access: 0V
  fast_access: 0
  force_tag: 0
  tag_size: 1023635919
  nr_bits_out: 1
  pure_sram: 0
  **************************

---------- CACTI version 4.1 ----------

Cache Parameters:
  Number of banks: 1
  Total Cache Size: 64
  Size in bytes of a bank: 64
  Number of sets per bank: 64
  Associativity: direct mapped
  Block Size (bytes): 1
  Read/Write Ports: 0
  Read Ports: 2
  Write Ports: 6
  Technology Size: 0.07um
  Vdd: 0.9V

Access Time (ns): 0.41603
Cycle Time (ns):  0.245213
Total dynamic Read Power at max. freq. (W): 0.0107387
Total leakage Read/Write Power all Banks (mW): 3.74137
Total dynamic Read Energy all Banks (nJ): 0.00263327
Total dynamic Write Energy all Banks (nJ): 0.00252317
Total dynamic Read Energy Without Routing (nJ): 0.00263327
Total dynamic Write Energy Without Routing (nJ): 0.00252317
Total dynamic Routing Energy (nJ): 0
Total leakage Read/Write Power Without Routing (mW): 3.74137
Total leakage Read/Write Routing Power (mW): 0

Best Ndwl (L1): 1
Best Ndbl (L1): 4
Best Nspd (L1): 2.000000
Best Ntwl (L1): 1
Best Ntbl (L1): 8
Best Ntspd (L1): 1

Area Components:

Aspect Ratio Total height/width: 3.576373

Data array (mm^2): 0.054885
Data predecode (mm^2): 0.002332
Data colmux predecode (mm^2): 0.002332
Data colmux post decode (mm^2): 0.000773
Data write signal (mm^2): 0.000455

Tag array (mm^2): 0.214283
Tag predecode (mm^2): 0.002332
Tag colmux predecode (mm^2): 0.002332
Tag colmux post decode (mm^2): 0.000773
Tag output driver decode (mm^2): 0.009381
Tag output driver enable signals (mm^2): 0.000455

Percentage of data ramcells alone of total area: 2.784521 %
Percentage of tag ramcells alone of total area: 13.922604 %
Percentage of total control/routing alone of total area: 83.292876 %

Subbank Efficiency : 1670.712433
Total Efficiency : 15.116421

Total area One bank (mm^2): 0.289878
Total area subbanked (mm^2): 0.320382

Time Components:
 data side (with Output driver) (ns): 0.401446
 tag side (with Output driver) (ns): 0.41603
 address routing delay (ns): 0
 decode_data (ns): 0.0923202
     dyn. energy (nJ): 6.66648e-05
     leak. power (mW): 0.0126697
 wordline and bitline data (ns): 0.172588
  dyn. wordline energy (nJ): 1.303e-05
  leak. wordline power (mW): 0.000875253
  dyn. read data bitline energy (nJ): 8.91493e-05
  dyn. write data bitline energy (nJ): 6.54688e-06
  leak. data bitline power (mW): 0.209399
 sense_amp_data (ns): 0.072625
     dyn. energy (nJ): 1.57537e-06
     leak. power (mW): 0.0319893
 decode_tag (ns): 0.11625
     dyn. energy (nJ): 0.000847643
     leak. power (mW): 0.469398
 wordline and bitline tag (ns): 0.110931
  dyn. wordline energy (nJ): 1.52752e-05
  leak. wordline power (mW): 0.00140539
  dyn. read data bitline energy (nJ): 0.00010443
  dyn. write data bitline energy (nJ): 0.000139942
  leak. data bitline power (mW): 1.07317
 sense_amp_tag (ns): 0.044625
  dyn. read energy (nJ): 3.41903e-05
  leak. read power (mW): 0.0819726
 compare (ns): 0.11447
  dyn. read energy (nJ): 0.000129721
  leak. read power (mW): 0.000926612
 valid signal driver (ns): 0.0297541
     dyn. read energy (nJ): 6.03432e-05
    leak. read power (mW): 0
 data output driver (ns): 0.063912
	   dyn. read energy (nJ): 1.49565e-05
	   leak. read power (mW): 0.00242107
 total_out_driver (ns): 0
	 dyn. read energy (nJ): 0
	 leak. read power (mW): 0
 total data path (without output driver) (ns): 0.337534
 total tag path is dm (ns): 0.386276

Cache bank distributions and energy per access (1 banks)
	bank ctrl       0%      0.000pJ
	decode         10%      0.914pJ
	tag  array     67%      0.120pJ
	data array     17%      0.102pJ
	tag  ctrl     3.9%      0.224pJ
	data ctrl       1%      0.017pJ
	total                   1.377pJ

rename [32 bytes] banks[1] Energy[0.264787]
size 32: subBanks 1: assoc 1 : nset 32



########################################################
Input to Cacti_Interface...
 size = 64, bsize = 1, assoc = 1, rports = 2, wports = 3
 subBanks = 1, tech = 0.070000, bits = 1
########### Printing input for params for testing...###
 C = 64, B = 1, A = 1
 RWP = 0, ERP = 2, EWP = 3, NSER = 0
 banks = 1, tech = 0.070000, bits_output = 1, fast_access = 0, pure_sram = 0
 force_tag = 0, force_tag_size = 0
 #################

##### Printing parameters for testing...#####

***** Cache Parameters:
  Cache Size: 64
  Number of sets per bank: 64
  Associativity: direct mapped
  tag_associativity: 1
  data_associativity: 1
  Block Size (bytes): 1
  Read/Write Ports: 0
  Read Ports: 2
  Write Ports: 3
  num_single_ended_read_ports: 0
  NSubbanks: 1
  fully_assoc: 0
  fudgefactor: 11.4V
  Technology Size: 0.07um
  Vdd: 0.9V
  sequential_access: 0V
  fast_access: 0
  force_tag: 0
  tag_size: 1017361148
  nr_bits_out: 1
  pure_sram: 0
  **************************

---------- CACTI version 4.1 ----------

Cache Parameters:
  Number of banks: 1
  Total Cache Size: 64
  Size in bytes of a bank: 64
  Number of sets per bank: 64
  Associativity: direct mapped
  Block Size (bytes): 1
  Read/Write Ports: 0
  Read Ports: 2
  Write Ports: 3
  Technology Size: 0.07um
  Vdd: 0.9V

Access Time (ns): 0.415114
Cycle Time (ns):  0.251036
Total dynamic Read Power at max. freq. (W): 0.00771233
Total leakage Read/Write Power all Banks (mW): 3.39765
Total dynamic Read Energy all Banks (nJ): 0.00193608
Total dynamic Write Energy all Banks (nJ): 0.0015958
Total dynamic Read Energy Without Routing (nJ): 0.00193608
Total dynamic Write Energy Without Routing (nJ): 0.0015958
Total dynamic Routing Energy (nJ): 0
Total leakage Read/Write Power Without Routing (mW): 3.39765
Total leakage Read/Write Routing Power (mW): 0

Best Ndwl (L1): 1
Best Ndbl (L1): 4
Best Nspd (L1): 2.000000
Best Ntwl (L1): 1
Best Ntbl (L1): 8
Best Ntspd (L1): 1

Area Components:

Aspect Ratio Total height/width: 3.049713

Data array (mm^2): 0.024980
Data predecode (mm^2): 0.001457
Data colmux predecode (mm^2): 0.001457
Data colmux post decode (mm^2): 0.000316
Data write signal (mm^2): 0.000284

Tag array (mm^2): 0.091418
Tag predecode (mm^2): 0.001457
Tag colmux predecode (mm^2): 0.001457
Tag colmux post decode (mm^2): 0.000316
Tag output driver decode (mm^2): 0.004144
Tag output driver enable signals (mm^2): 0.000284

Percentage of data ramcells alone of total area: 2.762325 %
Percentage of tag ramcells alone of total area: 13.811627 %
Percentage of total control/routing alone of total area: 83.426047 %

Subbank Efficiency : 1657.395286
Total Efficiency : 14.267102

Total area One bank (mm^2): 0.127288
Total area subbanked (mm^2): 0.147870

Time Components:
 data side (with Output driver) (ns): 0.415114
 tag side (with Output driver) (ns): 0.413447
 address routing delay (ns): 0
 decode_data (ns): 0.100128
     dyn. energy (nJ): 4.64483e-05
     leak. power (mW): 0.00843758
 wordline and bitline data (ns): 0.178411
  dyn. wordline energy (nJ): 9.4343e-06
  leak. wordline power (mW): 0.000621272
  dyn. read data bitline energy (nJ): 7.02468e-05
  dyn. write data bitline energy (nJ): 4.93586e-06
  leak. data bitline power (mW): 0.209399
 sense_amp_data (ns): 0.072625
     dyn. energy (nJ): 1.46492e-06
     leak. power (mW): 0.0319893
 decode_tag (ns): 0.116887
     dyn. energy (nJ): 0.000552985
     leak. power (mW): 0.298084
 wordline and bitline tag (ns): 0.110886
  dyn. wordline energy (nJ): 1.52752e-05
  leak. wordline power (mW): 0.00140539
  dyn. read data bitline energy (nJ): 0.000103307
  dyn. write data bitline energy (nJ): 0.000138411
  leak. data bitline power (mW): 1.07317
 sense_amp_tag (ns): 0.044625
  dyn. read energy (nJ): 3.41903e-05
  leak. read power (mW): 0.0819726
 compare (ns): 0.115835
  dyn. read energy (nJ): 0.000121041
  leak. read power (mW): 0.00058565
 valid signal driver (ns): 0.0252137
     dyn. read energy (nJ): 5.34874e-05
    leak. read power (mW): 0
 data output driver (ns): 0.0639504
	   dyn. read energy (nJ): 1.36453e-05
	   leak. read power (mW): 0.00221816
 total_out_driver (ns): 0
	 dyn. read energy (nJ): 0
	 leak. read power (mW): 0
 total data path (without output driver) (ns): 0.351164
 total tag path is dm (ns): 0.388233

Cache bank distributions and energy per access (1 banks)
	bank ctrl       0%      0.000pJ
	decode        9.2%      0.599pJ
	tag  array     67%      0.119pJ
	data array     18%      0.080pJ
	tag  ctrl     4.4%      0.209pJ
	data ctrl     1.3%      0.015pJ
	total                   1.022pJ



########################################################
Input to Cacti_Interface...
 size = 512, bsize = 128, assoc = 4, rports = 2, wports = 2
 subBanks = 1, tech = 0.070000, bits = 37
########### Printing input for params for testing...###
 C = 512, B = 128, A = 4
 RWP = 0, ERP = 2, EWP = 2, NSER = 0
 banks = 1, tech = 0.070000, bits_output = 37, fast_access = 0, pure_sram = 1
 force_tag = 0, force_tag_size = 0
 #################

##### Printing parameters for testing...#####

***** Cache Parameters:
  Cache Size: 512
  Number of sets per bank: 1
  Associativity: fully associative
  tag_associativity: 4
  data_associativity: 4
  Block Size (bytes): 128
  Read/Write Ports: 0
  Read Ports: 2
  Write Ports: 2
  num_single_ended_read_ports: 0
  NSubbanks: 1
  fully_assoc: 1
  fudgefactor: 11.4V
  Technology Size: 0.07um
  Vdd: 0.9V
  sequential_access: 0V
  fast_access: 0
  force_tag: 0
  tag_size: 1018526949
  nr_bits_out: 37
  pure_sram: 1
  **************************

---------- CACTI version 4.1 ----------

Cache Parameters:
  Number of banks: 1
  Total Cache Size: 512
  Size in bytes of a bank: 512
  Number of sets per bank: 1
  Associativity: fully associative
  Block Size (bytes): 128
  Read/Write Ports: 0
  Read Ports: 2
  Write Ports: 2
  Technology Size: 0.07um
  Vdd: 0.9V

Access Time (ns): 1.77274
Cycle Time (ns):  1.25879
Total dynamic Read Power at max. freq. (W): 0.0111225
Total leakage Read/Write Power all Banks (mW): 20.3465
Total dynamic Read Energy all Banks (nJ): 0.0140008
Total dynamic Write Energy all Banks (nJ): 0.00662921
Total dynamic Read Energy Without Routing (nJ): 0.0140008
Total dynamic Write Energy Without Routing (nJ): 0.00662921
Total dynamic Routing Energy (nJ): 0
Total leakage Read/Write Power Without Routing (mW): 20.3465
Total leakage Read/Write Routing Power (mW): 0

Best Ndwl (L1): 1
Best Ndbl (L1): 1
Best Nspd (L1): 1.000000
Best Ntwl (L1): 1
Best Ntbl (L1): 1
Best Ntspd (L1): 1

Area Components:

Aspect Ratio Total height/width: 12.209574

Data array (mm^2): 0.458040
Data predecode (mm^2): 0.001166
Data colmux predecode (mm^2): 0.000000
Data colmux post decode (mm^2): 0.000000
Data write signal (mm^2): 0.000000

Tag array (mm^2): 0.000000
Tag predecode (mm^2): 0.000000
Tag colmux predecode (mm^2): 0.000000
Tag colmux post decode (mm^2): 0.000000
Tag output driver decode (mm^2): 0.012851
Tag output driver enable signals (mm^2): 0.000000

Percentage of data ramcells alone of total area: 11.722687 %
Percentage of tag ramcells alone of total area: 0.000000 %
Percentage of total control/routing alone of total area: 88.277313 %

Subbank Efficiency : 1172.268704
Total Efficiency : 12.081427

Total area One bank (mm^2): 0.472057
Total area subbanked (mm^2): 0.458040

Time Components:
 data side (with Output driver) (ns): 1.77274
 address routing delay (ns): 0
 tag_comparison (ns): 0.461563
     dyn. energy (nJ): 0.00277809
     leak. power (mW): 0
 wordline and bitline data (ns): 1.18616
  dyn. wordline energy (nJ): 0.000439911
  leak. wordline power (mW): 0.00115268
  dyn. read data bitline energy (nJ): 0.00241696
  dyn. write data bitline energy (nJ): 9.66054e-05
  leak. data bitline power (mW): 1.67519
 sense_amp_data (ns): 0.072625
     dyn. energy (nJ): 0.000641928
     leak. power (mW): 8.18926
 data output driver (ns): 0.0523938
	   dyn. read energy (nJ): 0.000723503
	   leak. read power (mW): 0.308776
 total_out_driver (ns): 0
	 dyn. read energy (nJ): 0
	 leak. read power (mW): 0
 total data path (without output driver) (ns): 1.72035

Cache bank distributions and energy per access (1 banks)
	bank ctrl       0%      0.000pJ
	decode        5.9%      2.778pJ
	tag  array      0%      0.000pJ
	data array     91%      2.857pJ
	tag  ctrl       0%      0.000pJ
	data ctrl     2.9%      1.365pJ
	total                   7.000pJ

Window [512 bytes] assoc[4] banks[1] ports[8] Energy[1.40784]



########################################################
Input to Cacti_Interface...
 size = 256, bsize = 64, assoc = 4, rports = 2, wports = 2
 subBanks = 1, tech = 0.070000, bits = 37
########### Printing input for params for testing...###
 C = 256, B = 64, A = 4
 RWP = 0, ERP = 2, EWP = 2, NSER = 0
 banks = 1, tech = 0.070000, bits_output = 37, fast_access = 0, pure_sram = 1
 force_tag = 0, force_tag_size = 0
 #################

##### Printing parameters for testing...#####

***** Cache Parameters:
  Cache Size: 256
  Number of sets per bank: 1
  Associativity: fully associative
  tag_associativity: 4
  data_associativity: 4
  Block Size (bytes): 64
  Read/Write Ports: 0
  Read Ports: 2
  Write Ports: 2
  num_single_ended_read_ports: 0
  NSubbanks: 1
  fully_assoc: 1
  fudgefactor: 11.4V
  Technology Size: 0.07um
  Vdd: 0.9V
  sequential_access: 0V
  fast_access: 0
  force_tag: 0
  tag_size: 0
  nr_bits_out: 37
  pure_sram: 1
  **************************

---------- CACTI version 4.1 ----------

Cache Parameters:
  Number of banks: 1
  Total Cache Size: 256
  Size in bytes of a bank: 256
  Number of sets per bank: 1
  Associativity: fully associative
  Block Size (bytes): 64
  Read/Write Ports: 0
  Read Ports: 2
  Write Ports: 2
  Technology Size: 0.07um
  Vdd: 0.9V

Access Time (ns): 1.03835
Cycle Time (ns):  0.52439
Total dynamic Read Power at max. freq. (W): 0.0218409
Total leakage Read/Write Power all Banks (mW): 10.482
Total dynamic Read Energy all Banks (nJ): 0.0114532
Total dynamic Write Energy all Banks (nJ): 0.0061951
Total dynamic Read Energy Without Routing (nJ): 0.0114532
Total dynamic Write Energy Without Routing (nJ): 0.0061951
Total dynamic Routing Energy (nJ): 0
Total leakage Read/Write Power Without Routing (mW): 10.482
Total leakage Read/Write Routing Power (mW): 0

Best Ndwl (L1): 1
Best Ndbl (L1): 1
Best Nspd (L1): 1.000000
Best Ntwl (L1): 1
Best Ntbl (L1): 1
Best Ntspd (L1): 1

Area Components:

Aspect Ratio Total height/width: 7.685531

Data array (mm^2): 0.254696
Data predecode (mm^2): 0.001166
Data colmux predecode (mm^2): 0.000000
Data colmux post decode (mm^2): 0.000000
Data write signal (mm^2): 0.000000

Tag array (mm^2): 0.000000
Tag predecode (mm^2): 0.000000
Tag colmux predecode (mm^2): 0.000000
Tag colmux post decode (mm^2): 0.000000
Tag output driver decode (mm^2): 0.010484
Tag output driver enable signals (mm^2): 0.000000

Percentage of data ramcells alone of total area: 12.223173 %
Percentage of tag ramcells alone of total area: 0.000000 %
Percentage of total control/routing alone of total area: 87.776827 %

Subbank Efficiency : 1222.317326
Total Efficiency : 12.782259

Total area One bank (mm^2): 0.266345
Total area subbanked (mm^2): 0.254696

Time Components:
 data side (with Output driver) (ns): 1.03835
 address routing delay (ns): 0
 tag_comparison (ns): 0.461563
     dyn. energy (nJ): 0.00277809
     leak. power (mW): 0
 wordline and bitline data (ns): 0.451765
  dyn. wordline energy (nJ): 0.000222693
  leak. wordline power (mW): 0.000688413
  dyn. read data bitline energy (nJ): 0.00136037
  dyn. write data bitline energy (nJ): 9.67664e-05
  leak. data bitline power (mW): 0.837597
 sense_amp_data (ns): 0.072625
     dyn. energy (nJ): 0.000641928
     leak. power (mW): 4.09463
 data output driver (ns): 0.0523938
	   dyn. read energy (nJ): 0.000723503
	   leak. read power (mW): 0.308776
 total_out_driver (ns): 0
	 dyn. read energy (nJ): 0
	 leak. read power (mW): 0
 total data path (without output driver) (ns): 0.985953

Cache bank distributions and energy per access (1 banks)
	bank ctrl       0%      0.000pJ
	decode         10%      2.778pJ
	tag  array      0%      0.000pJ
	data array     85%      1.583pJ
	tag  ctrl       0%      0.000pJ
	data ctrl     4.9%      1.365pJ
	total                   5.727pJ

Window [256 bytes] assoc[4] banks[1] ports[8] Energy[1.15167]
Module [FXDTLB]...



########################################################
Input to Cacti_Interface...
 size = 512, bsize = 8, assoc = 4, rports = 2, wports = 0
 subBanks = 1, tech = 0.070000, bits = 32
########### Printing input for params for testing...###
 C = 512, B = 8, A = 4
 RWP = 0, ERP = 2, EWP = 0, NSER = 0
 banks = 1, tech = 0.070000, bits_output = 32, fast_access = 0, pure_sram = 1
 force_tag = 0, force_tag_size = 0
 #################

##### Printing parameters for testing...#####

***** Cache Parameters:
  Cache Size: 512
  Number of sets per bank: 16
  Associativity: 4
  tag_associativity: 4
  data_associativity: 4
  Block Size (bytes): 8
  Read/Write Ports: 0
  Read Ports: 2
  Write Ports: 0
  num_single_ended_read_ports: 0
  NSubbanks: 1
  fully_assoc: 0
  fudgefactor: 11.4V
  Technology Size: 0.07um
  Vdd: 0.9V
  sequential_access: 0V
  fast_access: 0
  force_tag: 0
  tag_size: 1075960468
  nr_bits_out: 32
  pure_sram: 1
  **************************

---------- CACTI version 4.1 ----------

Cache Parameters:
  Number of banks: 1
  Total Cache Size: 512
  Size in bytes of a bank: 512
  Number of sets per bank: 16
  Associativity: 4
  Block Size (bytes): 8
  Read/Write Ports: 0
  Read Ports: 2
  Write Ports: 0
  Technology Size: 0.07um
  Vdd: 0.9V

Access Time (ns): 0.533718
Cycle Time (ns):  0.238028
Total dynamic Read Power at max. freq. (W): 0.015319
Total leakage Read/Write Power all Banks (mW): 4.54913
Total dynamic Read Energy all Banks (nJ): 0.00364635
Total dynamic Write Energy all Banks (nJ): 0
Total dynamic Read Energy Without Routing (nJ): 0.00364635
Total dynamic Write Energy Without Routing (nJ): 0
Total dynamic Routing Energy (nJ): 0
Total leakage Read/Write Power Without Routing (mW): 4.54913
Total leakage Read/Write Routing Power (mW): 0

Best Ndwl (L1): 1
Best Ndbl (L1): 4
Best Nspd (L1): 0.500000
Best Ntwl (L1): 2
Best Ntbl (L1): 2
Best Ntspd (L1): 1

Area Components:

Aspect Ratio Total height/width: 1.785212

Data array (mm^2): 0.041460
Data predecode (mm^2): 0.000583
Data colmux predecode (mm^2): 0.000583
Data colmux post decode (mm^2): 0.000020
Data write signal (mm^2): 0.000414

Tag array (mm^2): 0.000000
Tag predecode (mm^2): 0.000000
Tag colmux predecode (mm^2): 0.000000
Tag colmux post decode (mm^2): 0.000000
Tag output driver decode (mm^2): 0.000000
Tag output driver enable signals (mm^2): 0.000000

Percentage of data ramcells alone of total area: 15.198774 %
Percentage of tag ramcells alone of total area: 0.000000 %
Percentage of total control/routing alone of total area: 84.801226 %

Subbank Efficiency : 1519.877375
Total Efficiency : 15.633446

Total area One bank (mm^2): 0.042646
Total area subbanked (mm^2): 0.041460

Time Components:
 data side (with Output driver) (ns): 0.390052
 tag side (with Output driver) (ns): 0.459872
 address routing delay (ns): 0
 decode_data (ns): 0.0877163
     dyn. energy (nJ): 5.38933e-05
     leak. power (mW): 0.00969132
 wordline and bitline data (ns): 0.165403
  dyn. wordline energy (nJ): 7.98976e-05
  leak. wordline power (mW): 0.00167904
  dyn. read data bitline energy (nJ): 0.000857108
  dyn. write data bitline energy (nJ): 0.000106698
  leak. data bitline power (mW): 1.67519
 sense_amp_data (ns): 0.072625
     dyn. energy (nJ): 0.000242421
     leak. power (mW): 0.511829
 decode_tag (ns): 0.0982663
     dyn. energy (nJ): 0.000361482
     leak. power (mW): 0.0589205
 wordline and bitline tag (ns): 0.113299
  dyn. wordline energy (nJ): 5.77371e-05
  leak. wordline power (mW): 0.00116196
  dyn. read data bitline energy (nJ): 0.000312088
  dyn. write data bitline energy (nJ): 0.000183111
  leak. data bitline power (mW): 1.047
 sense_amp_tag (ns): 0.044625
  dyn. read energy (nJ): 0.000133425
  leak. read power (mW): 0.36021
 compare (ns): 0.115772
  dyn. read energy (nJ): 0.00048769
  leak. read power (mW): 0.0025156
 mux driver (ns): 0.0738464
  dyn. read energy (nJ): 0.000467877
  leak. read power (mW): 0.00879122
 sel inverter (ns): 0.0236015
  dyn. read energy (nJ): 1.09231e-06
  leak. read power (mW): 0
 data output driver (ns): 0.0643079
	   dyn. read energy (nJ): 0.000589856
	   leak. read power (mW): 0.0875441
 total_out_driver (ns): 0
	 dyn. read energy (nJ): 0
	 leak. read power (mW): 0
 total data path (without output driver) (ns): 0.325744
 total tag path is set assoc (ns): 0.469411

Cache bank distributions and energy per access (1 banks)
	bank ctrl       0%      0.000pJ
	decode        2.5%      0.415pJ
	tag  array    2.2%      0.370pJ
	data array     84%      0.937pJ
	tag  ctrl     6.5%      1.090pJ
	data ctrl       5%      0.832pJ
	total                   3.645pJ
Module [DMemory]...



########################################################
Input to Cacti_Interface...
 size = 32768, bsize = 32, assoc = 4, rports = 2, wports = 0
 subBanks = 4, tech = 0.070000, bits = 32
########### Printing input for params for testing...###
 C = 8192, B = 32, A = 4
 RWP = 0, ERP = 2, EWP = 0, NSER = 0
 banks = 4, tech = 0.070000, bits_output = 32, fast_access = 0, pure_sram = 1
 force_tag = 0, force_tag_size = 0
 #################

##### Printing parameters for testing...#####

***** Cache Parameters:
  Cache Size: 8192
  Number of sets per bank: 64
  Associativity: 4
  tag_associativity: 4
  data_associativity: 4
  Block Size (bytes): 32
  Read/Write Ports: 1
  Read Ports: 0
  Write Ports: 0
  num_single_ended_read_ports: 0
  NSubbanks: 4
  fully_assoc: 0
  fudgefactor: 11.4V
  Technology Size: 0.07um
  Vdd: 0.9V
  sequential_access: 0V
  fast_access: 0
  force_tag: 0
  tag_size: 1027759664
  nr_bits_out: 32
  pure_sram: 1
  **************************

---------- CACTI version 4.1 ----------

Cache Parameters:
  Number of banks: 4
  Total Cache Size: 8192
  Size in bytes of a bank: 2048
  Number of sets per bank: 64
  Associativity: 4
  Block Size (bytes): 32
  Read/Write Ports: 1
  Read Ports: 0
  Write Ports: 0
  Technology Size: 0.07um
  Vdd: 0.9V

Access Time (ns): 0.673099
Cycle Time (ns):  0.351111
Total dynamic Read Power at max. freq. (W): 0.145801
Total leakage Read/Write Power all Banks (mW): 115.929
Total dynamic Read Energy all Banks (nJ): 0.0511923
Total dynamic Write Energy all Banks (nJ): 0.0194284
Total dynamic Read Energy Without Routing (nJ): 0.0351806
Total dynamic Write Energy Without Routing (nJ): 0.00341672
Total dynamic Routing Energy (nJ): 0.0160117
Total leakage Read/Write Power Without Routing (mW): 115.929
Total leakage Read/Write Routing Power (mW): 0

Best Ndwl (L1): 1
Best Ndbl (L1): 4
Best Nspd (L1): 0.500000
Best Ntwl (L1): 1
Best Ntbl (L1): 8
Best Ntspd (L1): 1

Area Components:

Aspect Ratio Total height/width: 3.666536

Data array (mm^2): 0.088168
Data predecode (mm^2): 0.000581
Data colmux predecode (mm^2): 0.000291
Data colmux post decode (mm^2): 0.000010
Data write signal (mm^2): 0.001554

Tag array (mm^2): 0.000000
Tag predecode (mm^2): 0.000000
Tag colmux predecode (mm^2): 0.000000
Tag colmux post decode (mm^2): 0.000000
Tag output driver decode (mm^2): 0.000000
Tag output driver enable signals (mm^2): 0.000000

Percentage of data ramcells alone of total area: 45.104858 %
Percentage of tag ramcells alone of total area: 0.000000 %
Percentage of total control/routing alone of total area: 54.895142 %

Subbank Efficiency : 4510.485827
Total Efficiency : 41.292688

Total area One bank (mm^2): 0.090605
Total area subbanked (mm^2): 0.395881

Time Components:
 data side (with Output driver) (ns): 0.548355
 tag side (with Output driver) (ns): 0.515795
 address routing delay (ns): 0.00252188
 decode_data (ns): 0.100141
     dyn. energy (nJ): 0.000274924
     leak. power (mW): 0.0529376
 wordline and bitline data (ns): 0.278486
  dyn. wordline energy (nJ): 0.00030696
  leak. wordline power (mW): 0.00522368
  dyn. read data bitline energy (nJ): 0.00689051
  dyn. write data bitline energy (nJ): 0.000272296
  leak. data bitline power (mW): 26.8031
 sense_amp_data (ns): 0.072625
     dyn. energy (nJ): 0.0003641
     leak. power (mW): 2.04732
 decode_tag (ns): 0.112853
     dyn. energy (nJ): 0.000348512
     leak. power (mW): 0.194634
 wordline and bitline tag (ns): 0.1281
  dyn. wordline energy (nJ): 4.82937e-05
  leak. wordline power (mW): 0.00352393
  dyn. read data bitline energy (nJ): 0.000281271
  dyn. write data bitline energy (nJ): 0.000304871
  leak. data bitline power (mW): 3.55979
 sense_amp_tag (ns): 0.044625
  dyn. read energy (nJ): 0.000113412
  leak. read power (mW): 0.271909
 compare (ns): 0.11249
  dyn. read energy (nJ): 0.000491967
  leak. read power (mW): 0.00505327
 mux driver (ns): 0.131004
  dyn. read energy (nJ): 0.00102383
  leak. read power (mW): 0.0193022
 sel inverter (ns): 0.0206259
  dyn. read energy (nJ): 1.79459e-06
  leak. read power (mW): 0
 data output driver (ns): 0.0697438
	   dyn. read energy (nJ): 0.000958659
	   leak. read power (mW): 0.131873
 total_out_driver (ns): 0.0248363
	 dyn. read energy (nJ): 0.0049926
	 leak. read power (mW): 1.82803
 total data path (without output driver) (ns): 0.453775
 total tag path is set assoc (ns): 0.552219

Cache bank distributions and energy per access (4 banks)
	bank ctrl       0%      0.000pJ
	decode       0.61%      0.623pJ
	tag  array   0.28%      0.330pJ
	data array     92%      7.197pJ
	tag  ctrl     1.4%      1.631pJ
	data ctrl     5.4%      6.315pJ
	total                  16.097pJ
Module [IMemory]...



########################################################
Input to Cacti_Interface...
 size = 32768, bsize = 32, assoc = 2, rports = 2, wports = 0
 subBanks = 2, tech = 0.070000, bits = 32
########### Printing input for params for testing...###
 C = 16384, B = 32, A = 2
 RWP = 0, ERP = 2, EWP = 0, NSER = 0
 banks = 2, tech = 0.070000, bits_output = 32, fast_access = 0, pure_sram = 1
 force_tag = 0, force_tag_size = 0
 #################

##### Printing parameters for testing...#####

***** Cache Parameters:
  Cache Size: 16384
  Number of sets per bank: 256
  Associativity: 2
  tag_associativity: 2
  data_associativity: 2
  Block Size (bytes): 32
  Read/Write Ports: 1
  Read Ports: 0
  Write Ports: 0
  num_single_ended_read_ports: 0
  NSubbanks: 2
  fully_assoc: 0
  fudgefactor: 11.4V
  Technology Size: 0.07um
  Vdd: 0.9V
  sequential_access: 0V
  fast_access: 0
  force_tag: 0
  tag_size: 1030478158
  nr_bits_out: 32
  pure_sram: 1
  **************************

---------- CACTI version 4.1 ----------

Cache Parameters:
  Number of banks: 2
  Total Cache Size: 16384
  Size in bytes of a bank: 8192
  Number of sets per bank: 256
  Associativity: 2
  Block Size (bytes): 32
  Read/Write Ports: 1
  Read Ports: 0
  Write Ports: 0
  Technology Size: 0.07um
  Vdd: 0.9V

Access Time (ns): 0.634002
Cycle Time (ns):  0.386049
Total dynamic Read Power at max. freq. (W): 0.0415047
Total leakage Read/Write Power all Banks (mW): 109.524
Total dynamic Read Energy all Banks (nJ): 0.0160229
Total dynamic Write Energy all Banks (nJ): 0.0020186
Total dynamic Read Energy Without Routing (nJ): 0.0160229
Total dynamic Write Energy Without Routing (nJ): 0.0020186
Total dynamic Routing Energy (nJ): 0
Total leakage Read/Write Power Without Routing (mW): 109.524
Total leakage Read/Write Routing Power (mW): 0

Best Ndwl (L1): 1
Best Ndbl (L1): 4
Best Nspd (L1): 1.000000
Best Ntwl (L1): 1
Best Ntbl (L1): 16
Best Ntspd (L1): 2

Area Components:

Aspect Ratio Total height/width: 5.103497

Data array (mm^2): 0.125328
Data predecode (mm^2): 0.000581
Data colmux predecode (mm^2): 0.000291
Data colmux post decode (mm^2): 0.000021
Data write signal (mm^2): 0.000784

Tag array (mm^2): 0.000000
Tag predecode (mm^2): 0.000000
Tag colmux predecode (mm^2): 0.000000
Tag colmux post decode (mm^2): 0.000000
Tag output driver decode (mm^2): 0.000000
Tag output driver enable signals (mm^2): 0.000000

Percentage of data ramcells alone of total area: 64.355357 %
Percentage of tag ramcells alone of total area: 0.000000 %
Percentage of total control/routing alone of total area: 35.644643 %

Subbank Efficiency : 6435.535677
Total Efficiency : 60.774430

Total area One bank (mm^2): 0.127006
Total area subbanked (mm^2): 0.268978

Time Components:
 data side (with Output driver) (ns): 0.552532
 tag side (with Output driver) (ns): 0.505122
 address routing delay (ns): 0
 decode_data (ns): 0.100535
     dyn. energy (nJ): 0.000339502
     leak. power (mW): 0.0814588
 wordline and bitline data (ns): 0.313424
  dyn. wordline energy (nJ): 0.00015348
  leak. wordline power (mW): 0.00522368
  dyn. read data bitline energy (nJ): 0.00648809
  dyn. write data bitline energy (nJ): 0.000516316
  leak. data bitline power (mW): 53.6062
 sense_amp_data (ns): 0.072625
     dyn. energy (nJ): 0.000173688
     leak. power (mW): 1.02366
 decode_tag (ns): 0.125881
     dyn. energy (nJ): 0.000901476
     leak. power (mW): 0.504492
 wordline and bitline tag (ns): 0.131429
  dyn. wordline energy (nJ): 4.82937e-05
  leak. wordline power (mW): 0.00704786
  dyn. read data bitline energy (nJ): 0.000281717
  dyn. write data bitline energy (nJ): 0.000304592
  leak. data bitline power (mW): 7.11957
 sense_amp_tag (ns): 0.044625
  dyn. read energy (nJ): 5.67058e-05
  leak. read power (mW): 0.271909
 compare (ns): 0.116197
  dyn. read energy (nJ): 0.000279105
  leak. read power (mW): 0.00406749
 mux driver (ns): 0.12888
  dyn. read energy (nJ): 0.000515135
  leak. read power (mW): 0.0185344
 sel inverter (ns): 0.0210433
  dyn. read energy (nJ): 1.69808e-06
  leak. read power (mW): 0
 data output driver (ns): 0.0659479
	   dyn. read energy (nJ): 0.000856673
	   leak. read power (mW): 0.13201
 total_out_driver (ns): 0
	 dyn. read energy (nJ): 0
	 leak. read power (mW): 0
 total data path (without output driver) (ns): 0.486584
 total tag path is set assoc (ns): 0.568054

Cache bank distributions and energy per access (2 banks)
	bank ctrl       0%      0.000pJ
	decode        1.2%      1.241pJ
	tag  array   0.32%      0.330pJ
	data array     97%      6.642pJ
	tag  ctrl    0.83%      0.853pJ
	data ctrl       1%      1.030pJ
	total                  10.096pJ
Module [L2Cache]...



########################################################
Input to Cacti_Interface...
 size = 4194304, bsize = 32, assoc = 8, rports = 2, wports = 0
 subBanks = 8, tech = 0.070000, bits = 32
########### Printing input for params for testing...###
 C = 524288, B = 32, A = 8
 RWP = 0, ERP = 2, EWP = 0, NSER = 0
 banks = 8, tech = 0.070000, bits_output = 32, fast_access = 0, pure_sram = 1
 force_tag = 0, force_tag_size = 0
 #################

##### Printing parameters for testing...#####

***** Cache Parameters:
  Cache Size: 524288
  Number of sets per bank: 2048
  Associativity: 8
  tag_associativity: 8
  data_associativity: 8
  Block Size (bytes): 32
  Read/Write Ports: 1
  Read Ports: 0
  Write Ports: 0
  num_single_ended_read_ports: 0
  NSubbanks: 8
  fully_assoc: 0
  fudgefactor: 11.4V
  Technology Size: 0.07um
  Vdd: 0.9V
  sequential_access: 0V
  fast_access: 0
  force_tag: 0
  tag_size: 1028841556
  nr_bits_out: 32
  pure_sram: 1
  **************************

---------- CACTI version 4.1 ----------

Cache Parameters:
  Number of banks: 8
  Total Cache Size: 524288
  Size in bytes of a bank: 65536
  Number of sets per bank: 2048
  Associativity: 8
  Block Size (bytes): 32
  Read/Write Ports: 1
  Read Ports: 0
  Write Ports: 0
  Technology Size: 0.07um
  Vdd: 0.9V

Access Time (ns): 4.13614
Cycle Time (ns):  0.44434
Total dynamic Read Power at max. freq. (W): 2.14637
Total leakage Read/Write Power all Banks (mW): 13821
Total dynamic Read Energy all Banks (nJ): 0.953717
Total dynamic Write Energy all Banks (nJ): 0.515665
Total dynamic Read Energy Without Routing (nJ): 0.484562
Total dynamic Write Energy Without Routing (nJ): 0.0465091
Total dynamic Routing Energy (nJ): 0.469156
Total leakage Read/Write Power Without Routing (mW): 13821
Total leakage Read/Write Routing Power (mW): 0

Best Ndwl (L1): 8
Best Ndbl (L1): 8
Best Nspd (L1): 2.000000
Best Ntwl (L1): 32
Best Ntbl (L1): 8
Best Ntspd (L1): 4

Area Components:

Aspect Ratio Total height/width: 1.384217

Data array (mm^2): 3.964099
Data predecode (mm^2): 0.001259
Data colmux predecode (mm^2): 0.000581
Data colmux post decode (mm^2): 0.000087
Data write signal (mm^2): 0.007221

Tag array (mm^2): 0.000000
Tag predecode (mm^2): 0.000000
Tag colmux predecode (mm^2): 0.000000
Tag colmux post decode (mm^2): 0.000000
Tag output driver decode (mm^2): 0.000000
Tag output driver enable signals (mm^2): 0.000000

Percentage of data ramcells alone of total area: 63.950102 %
Percentage of tag ramcells alone of total area: 0.000000 %
Percentage of total control/routing alone of total area: 36.049898 %

Subbank Efficiency : 6395.010206
Total Efficiency : 61.633934

Total area One bank (mm^2): 3.973247
Total area subbanked (mm^2): 32.980472

Time Components:
 data side (with Output driver) (ns): 2.12012
 tag side (with Output driver) (ns): 1.7436
 address routing delay (ns): 0.165941
 decode_data (ns): 0.535996
     dyn. energy (nJ): 0.00420464
     leak. power (mW): 5.13366
 wordline and bitline data (ns): 0.371715
  dyn. wordline energy (nJ): 0.000613919
  leak. wordline power (mW): 0.0835789
  dyn. read data bitline energy (nJ): 0.0498594
  dyn. write data bitline energy (nJ): 0.000995076
  leak. data bitline power (mW): 1715.4
 sense_amp_data (ns): 0.072625
     dyn. energy (nJ): 0.00086543
     leak. power (mW): 5.90082
 decode_tag (ns): 0.269388
     dyn. energy (nJ): 0.00409214
     leak. power (mW): 13.5731
 wordline and bitline tag (ns): 0.139913
  dyn. wordline energy (nJ): 8.77321e-05
  leak. wordline power (mW): 0.034228
  dyn. read data bitline energy (nJ): 0.00253694
  dyn. write data bitline energy (nJ): 0.000430927
  leak. data bitline power (mW): 187.622
 sense_amp_tag (ns): 0.044625
  dyn. read energy (nJ): 0.000186796
  leak. read power (mW): 0.885287
 compare (ns): 0.128477
  dyn. read energy (nJ): 0.00111223
  leak. read power (mW): 0.047592
 mux driver (ns): 0.662008
  dyn. read energy (nJ): 0.00408324
  leak. read power (mW): 9.44484
 sel inverter (ns): 0.0214174
  dyn. read energy (nJ): 2.19062e-06
  leak. read power (mW): 0
 data output driver (ns): 0.255246
	   dyn. read energy (nJ): 0.00502684
	   leak. read power (mW): 6.33225
 total_out_driver (ns): 0.718596
	 dyn. read energy (nJ): 0.0566889
	 leak. read power (mW): 3.65607
 total data path (without output driver) (ns): 1.14628
 total tag path is set assoc (ns): 1.43177

Cache bank distributions and energy per access (8 banks)
	bank ctrl     nan%     16.547pJ
	decode        nan%      8.297pJ
	tag  array    nan%      2.625pJ
	data array    nan%     50.473pJ
	tag  ctrl     nan%      5.384pJ
	data ctrl     nan%     62.581pJ
	total                 145.907pJ
Module [FXITLB]...



########################################################
Input to Cacti_Interface...
 size = 512, bsize = 8, assoc = 4, rports = 2, wports = 0
 subBanks = 1, tech = 0.070000, bits = 32
########### Printing input for params for testing...###
 C = 512, B = 8, A = 4
 RWP = 0, ERP = 2, EWP = 0, NSER = 0
 banks = 1, tech = 0.070000, bits_output = 32, fast_access = 0, pure_sram = 1
 force_tag = 0, force_tag_size = 0
 #################

##### Printing parameters for testing...#####

***** Cache Parameters:
  Cache Size: 512
  Number of sets per bank: 16
  Associativity: 4
  tag_associativity: 4
  data_associativity: 4
  Block Size (bytes): 8
  Read/Write Ports: 0
  Read Ports: 2
  Write Ports: 0
  num_single_ended_read_ports: 0
  NSubbanks: 1
  fully_assoc: 0
  fudgefactor: 11.4V
  Technology Size: 0.07um
  Vdd: 0.9V
  sequential_access: 0V
  fast_access: 0
  force_tag: 0
  tag_size: 1026346781
  nr_bits_out: 32
  pure_sram: 1
  **************************

---------- CACTI version 4.1 ----------

Cache Parameters:
  Number of banks: 1
  Total Cache Size: 512
  Size in bytes of a bank: 512
  Number of sets per bank: 16
  Associativity: 4
  Block Size (bytes): 8
  Read/Write Ports: 0
  Read Ports: 2
  Write Ports: 0
  Technology Size: 0.07um
  Vdd: 0.9V

Access Time (ns): 0.533718
Cycle Time (ns):  0.238028
Total dynamic Read Power at max. freq. (W): 0.015319
Total leakage Read/Write Power all Banks (mW): 4.54913
Total dynamic Read Energy all Banks (nJ): 0.00364635
Total dynamic Write Energy all Banks (nJ): 0
Total dynamic Read Energy Without Routing (nJ): 0.00364635
Total dynamic Write Energy Without Routing (nJ): 0
Total dynamic Routing Energy (nJ): 0
Total leakage Read/Write Power Without Routing (mW): 4.54913
Total leakage Read/Write Routing Power (mW): 0

Best Ndwl (L1): 1
Best Ndbl (L1): 4
Best Nspd (L1): 0.500000
Best Ntwl (L1): 2
Best Ntbl (L1): 2
Best Ntspd (L1): 1

Area Components:

Aspect Ratio Total height/width: 1.785212

Data array (mm^2): 0.041460
Dat++++++++++++++END   CACTI
a predecode (mm^2): 0.000583
Data colmux predecode (mm^2): 0.000583
Data colmux post decode (mm^2): 0.000020
Data write signal (mm^2): 0.000414

Tag array (mm^2): 0.000000
Tag predecode (mm^2): 0.000000
Tag colmux predecode (mm^2): 0.000000
Tag colmux post decode (mm^2): 0.000000
Tag output driver decode (mm^2): 0.000000
Tag output driver enable signals (mm^2): 0.000000

Percentage of data ramcells alone of total area: 15.198774 %
Percentage of tag ramcells alone of total area: 0.000000 %
Percentage of total control/routing alone of total area: 84.801226 %

Subbank Efficiency : 1519.877375
Total Efficiency : 15.633446

Total area One bank (mm^2): 0.042646
Total area subbanked (mm^2): 0.041460

Time Components:
 data side (with Output driver) (ns): 0.390052
 tag side (with Output driver) (ns): 0.459872
 address routing delay (ns): 0
 decode_data (ns): 0.0877163
     dyn. energy (nJ): 5.38933e-05
     leak. power (mW): 0.00969132
 wordline and bitline data (ns): 0.165403
  dyn. wordline energy (nJ): 7.98976e-05
  leak. wordline power (mW): 0.00167904
  dyn. read data bitline energy (nJ): 0.000857108
  dyn. write data bitline energy (nJ): 0.000106698
  leak. data bitline power (mW): 1.67519
 sense_amp_data (ns): 0.072625
     dyn. energy (nJ): 0.000242421
     leak. power (mW): 0.511829
 decode_tag (ns): 0.0982663
     dyn. energy (nJ): 0.000361482
     leak. power (mW): 0.0589205
 wordline and bitline tag (ns): 0.113299
  dyn. wordline energy (nJ): 5.77371e-05
  leak. wordline power (mW): 0.00116196
  dyn. read data bitline energy (nJ): 0.000312088
  dyn. write data bitline energy (nJ): 0.000183111
  leak. data bitline power (mW): 1.047
 sense_amp_tag (ns): 0.044625
  dyn. read energy (nJ): 0.000133425
  leak. read power (mW): 0.36021
 compare (ns): 0.115772
  dyn. read energy (nJ): 0.00048769
  leak. read power (mW): 0.0025156
 mux driver (ns): 0.0738464
  dyn. read energy (nJ): 0.000467877
  leak. read power (mW): 0.00879122
 sel inverter (ns): 0.0236015
  dyn. read energy (nJ): 1.09231e-06
  leak. read power (mW): 0
 data output driver (ns): 0.0643079
	   dyn. read energy (nJ): 0.000589856
	   leak. read power (mW): 0.0875441
 total_out_driver (ns): 0
	 dyn. read energy (nJ): 0
	 leak. read power (mW): 0
 total data path (without output driver) (ns): 0.325744
 total tag path is set assoc (ns): 0.469411

Cache bank distributions and energy per access (1 banks)
	bank ctrl       0%      0.000pJ
	decode        2.5%      0.415pJ
	tag  array    2.2%      0.370pJ
	data array     84%      0.937pJ
	tag  ctrl     6.5%      1.090pJ
	data ctrl       5%      0.832pJ
	total                   3.645pJ
